2023/06/07 13:29:29 - mmengine - INFO - 
------------------------------------------------------------
System environment:
    sys.platform: linux
    Python: 3.9.7 (default, Sep 16 2021, 13:09:58) [GCC 7.5.0]
    CUDA available: True
    numpy_random_seed: 730993696
    GPU 0,1: NVIDIA GeForce RTX 3090
    CUDA_HOME: /usr/local/cuda
    NVCC: Cuda compilation tools, release 11.1, V11.1.74
    GCC: gcc (Ubuntu 7.5.0-3ubuntu1~18.04) 7.5.0
    PyTorch: 1.12.1+cu113
    PyTorch compiling details: PyTorch built with:
  - GCC 9.3
  - C++ Version: 201402
  - Intel(R) Math Kernel Library Version 2020.0.0 Product Build 20191122 for Intel(R) 64 architecture applications
  - Intel(R) MKL-DNN v2.6.0 (Git Hash 52b5f107dd9cf10910aaa19cb47f3abf9b349815)
  - OpenMP 201511 (a.k.a. OpenMP 4.5)
  - LAPACK is enabled (usually provided by MKL)
  - NNPACK is enabled
  - CPU capability usage: AVX2
  - CUDA Runtime 11.3
  - NVCC architecture flags: -gencode;arch=compute_37,code=sm_37;-gencode;arch=compute_50,code=sm_50;-gencode;arch=compute_60,code=sm_60;-gencode;arch=compute_70,code=sm_70;-gencode;arch=compute_75,code=sm_75;-gencode;arch=compute_80,code=sm_80;-gencode;arch=compute_86,code=sm_86
  - CuDNN 8.0.4  (built against CUDA 11.1)
    - Built with CuDNN 8.3.2
  - Magma 2.5.2
  - Build settings: BLAS_INFO=mkl, BUILD_TYPE=Release, CUDA_VERSION=11.3, CUDNN_VERSION=8.3.2, CXX_COMPILER=/opt/rh/devtoolset-9/root/usr/bin/c++, CXX_FLAGS= -fabi-version=11 -Wno-deprecated -fvisibility-inlines-hidden -DUSE_PTHREADPOOL -fopenmp -DNDEBUG -DUSE_KINETO -DUSE_FBGEMM -DUSE_QNNPACK -DUSE_PYTORCH_QNNPACK -DUSE_XNNPACK -DSYMBOLICATE_MOBILE_DEBUG_HANDLE -DEDGE_PROFILER_USE_KINETO -O2 -fPIC -Wno-narrowing -Wall -Wextra -Werror=return-type -Wno-missing-field-initializers -Wno-type-limits -Wno-array-bounds -Wno-unknown-pragmas -Wno-unused-parameter -Wno-unused-function -Wno-unused-result -Wno-unused-local-typedefs -Wno-strict-overflow -Wno-strict-aliasing -Wno-error=deprecated-declarations -Wno-stringop-overflow -Wno-psabi -Wno-error=pedantic -Wno-error=redundant-decls -Wno-error=old-style-cast -fdiagnostics-color=always -faligned-new -Wno-unused-but-set-variable -Wno-maybe-uninitialized -fno-math-errno -fno-trapping-math -Werror=format -Werror=cast-function-type -Wno-stringop-overflow, LAPACK_INFO=mkl, PERF_WITH_AVX=1, PERF_WITH_AVX2=1, PERF_WITH_AVX512=1, TORCH_VERSION=1.12.1, USE_CUDA=ON, USE_CUDNN=ON, USE_EXCEPTION_PTR=1, USE_GFLAGS=OFF, USE_GLOG=OFF, USE_MKL=ON, USE_MKLDNN=OFF, USE_MPI=OFF, USE_NCCL=ON, USE_NNPACK=ON, USE_OPENMP=ON, USE_ROCM=OFF, 

    TorchVision: 0.13.1+cu113
    OpenCV: 4.7.0
    MMEngine: 0.7.3

Runtime environment:
    cudnn_benchmark: False
    mp_cfg: {'mp_start_method': 'fork', 'opencv_num_threads': 0}
    dist_cfg: {'backend': 'nccl'}
    seed: None
    deterministic: False
    Distributed launcher: none
    Distributed training: False
    GPU number: 1
------------------------------------------------------------

2023/06/07 13:29:29 - mmengine - INFO - Config:
model = dict(
    type='ImageClassifier',
    backbone=dict(
        type='ResNet',
        depth=50,
        num_stages=4,
        out_indices=(3, ),
        style='pytorch'),
    neck=dict(type='GlobalAveragePooling'),
    head=dict(
        type='LinearClsHead',
        num_classes=33,
        in_channels=2048,
        loss=dict(type='CrossEntropyLoss', loss_weight=1.0),
        topk=(1, 5)),
    init_cfg=dict(
        type='Pretrained',
        checkpoint=
        'https://download.openmmlab.com/mmclassification/v0/resnet/resnet50_8xb32_in1k_20210831-ea4938fc.pth'
    ))
dataset_type = 'CustomDataset'
data_preprocessor = dict(
    num_classes=1000,
    mean=[123.675, 116.28, 103.53],
    std=[58.395, 57.12, 57.375],
    to_rgb=True)
train_pipeline = [
    dict(type='LoadImageFromFile'),
    dict(type='RandomResizedCrop', scale=224),
    dict(type='RandomFlip', prob=0.5, direction='horizontal'),
    dict(type='PackInputs')
]
test_pipeline = [
    dict(type='LoadImageFromFile'),
    dict(type='ResizeEdge', scale=256, edge='short'),
    dict(type='CenterCrop', crop_size=224),
    dict(type='PackInputs')
]
train_dataloader = dict(
    pin_memory=True,
    persistent_workers=True,
    collate_fn=dict(type='default_collate'),
    batch_size=128,
    num_workers=5,
    dataset=dict(
        type='CustomDataset',
        data_root='data/fruit/train/',
        pipeline=[
            dict(type='LoadImageFromFile'),
            dict(type='RandomResizedCrop', scale=224),
            dict(type='RandomFlip', prob=0.5, direction='horizontal'),
            dict(type='PackInputs')
        ]),
    sampler=dict(type='DefaultSampler', shuffle=True))
test_dataloader = dict(
    pin_memory=True,
    persistent_workers=True,
    collate_fn=dict(type='default_collate'),
    batch_size=128,
    num_workers=5,
    dataset=dict(
        type='CustomDataset',
        data_root='data/fruit/val/',
        pipeline=[
            dict(type='LoadImageFromFile'),
            dict(type='ResizeEdge', scale=256, edge='short'),
            dict(type='CenterCrop', crop_size=224),
            dict(type='PackInputs')
        ]),
    sampler=dict(type='DefaultSampler', shuffle=False))
val_dataloader = dict(
    pin_memory=True,
    persistent_workers=True,
    collate_fn=dict(type='default_collate'),
    batch_size=128,
    num_workers=5,
    dataset=dict(
        type='CustomDataset',
        data_root='data/fruit/val/',
        pipeline=[
            dict(type='LoadImageFromFile'),
            dict(type='ResizeEdge', scale=256, edge='short'),
            dict(type='CenterCrop', crop_size=224),
            dict(type='PackInputs')
        ]),
    sampler=dict(type='DefaultSampler', shuffle=False))
val_evaluator = dict(type='Accuracy', topk=1)
test_evaluator = dict(type='Accuracy', topk=1)
optim_wrapper = dict(
    optimizer=dict(type='Adam', lr=0.001, weight_decay=0.0001))
param_scheduler = dict(
    type='MultiStepLR', by_epoch=True, milestones=[30, 60, 90], gamma=0.1)
train_cfg = dict(by_epoch=True, max_epochs=100, val_interval=1)
val_cfg = dict()
test_cfg = dict()
auto_scale_lr = dict(base_batch_size=128)
default_scope = 'mmpretrain'
default_hooks = dict(
    timer=dict(type='IterTimerHook'),
    logger=dict(type='LoggerHook', interval=100),
    param_scheduler=dict(type='ParamSchedulerHook'),
    checkpoint=dict(
        type='CheckpointHook', interval=1, max_keep_ckpts=5, save_best='auto'),
    sampler_seed=dict(type='DistSamplerSeedHook'),
    visualization=dict(type='VisualizationHook', enable=False))
env_cfg = dict(
    cudnn_benchmark=False,
    mp_cfg=dict(mp_start_method='fork', opencv_num_threads=0),
    dist_cfg=dict(backend='nccl'))
vis_backends = [dict(type='LocalVisBackend')]
visualizer = dict(
    type='UniversalVisualizer', vis_backends=[dict(type='LocalVisBackend')])
log_level = 'INFO'
load_from = None
resume = False
randomness = dict(seed=None, deterministic=False)
launcher = 'none'
work_dir = './exp'

2023/06/07 13:29:34 - mmengine - INFO - Distributed training is not used, all SyncBatchNorm (SyncBN) layers in the model will be automatically reverted to BatchNormXd layers if they are used.
2023/06/07 13:29:34 - mmengine - INFO - Hooks will be executed in the following order:
before_run:
(VERY_HIGH   ) RuntimeInfoHook                    
(BELOW_NORMAL) LoggerHook                         
 -------------------- 
before_train:
(VERY_HIGH   ) RuntimeInfoHook                    
(NORMAL      ) IterTimerHook                      
(VERY_LOW    ) CheckpointHook                     
 -------------------- 
before_train_epoch:
(VERY_HIGH   ) RuntimeInfoHook                    
(NORMAL      ) IterTimerHook                      
(NORMAL      ) DistSamplerSeedHook                
 -------------------- 
before_train_iter:
(VERY_HIGH   ) RuntimeInfoHook                    
(NORMAL      ) IterTimerHook                      
 -------------------- 
after_train_iter:
(VERY_HIGH   ) RuntimeInfoHook                    
(NORMAL      ) IterTimerHook                      
(BELOW_NORMAL) LoggerHook                         
(LOW         ) ParamSchedulerHook                 
(VERY_LOW    ) CheckpointHook                     
 -------------------- 
after_train_epoch:
(NORMAL      ) IterTimerHook                      
(LOW         ) ParamSchedulerHook                 
(VERY_LOW    ) CheckpointHook                     
 -------------------- 
before_val_epoch:
(NORMAL      ) IterTimerHook                      
 -------------------- 
before_val_iter:
(NORMAL      ) IterTimerHook                      
 -------------------- 
after_val_iter:
(NORMAL      ) IterTimerHook                      
(NORMAL      ) VisualizationHook                  
(BELOW_NORMAL) LoggerHook                         
 -------------------- 
after_val_epoch:
(VERY_HIGH   ) RuntimeInfoHook                    
(NORMAL      ) IterTimerHook                      
(BELOW_NORMAL) LoggerHook                         
(LOW         ) ParamSchedulerHook                 
(VERY_LOW    ) CheckpointHook                     
 -------------------- 
after_train:
(VERY_LOW    ) CheckpointHook                     
 -------------------- 
before_test_epoch:
(NORMAL      ) IterTimerHook                      
 -------------------- 
before_test_iter:
(NORMAL      ) IterTimerHook                      
 -------------------- 
after_test_iter:
(NORMAL      ) IterTimerHook                      
(NORMAL      ) VisualizationHook                  
(BELOW_NORMAL) LoggerHook                         
 -------------------- 
after_test_epoch:
(VERY_HIGH   ) RuntimeInfoHook                    
(NORMAL      ) IterTimerHook                      
(BELOW_NORMAL) LoggerHook                         
 -------------------- 
after_run:
(BELOW_NORMAL) LoggerHook                         
 -------------------- 
2023/06/07 13:29:36 - mmengine - INFO - load model from: https://download.openmmlab.com/mmclassification/v0/resnet/resnet50_8xb32_in1k_20210831-ea4938fc.pth
2023/06/07 13:29:36 - mmengine - INFO - Loads checkpoint by http backend from path: https://download.openmmlab.com/mmclassification/v0/resnet/resnet50_8xb32_in1k_20210831-ea4938fc.pth
2023/06/07 13:29:36 - mmengine - WARNING - The model and loaded state dict do not match exactly

size mismatch for head.fc.weight: copying a param with shape torch.Size([1000, 2048]) from checkpoint, the shape in current model is torch.Size([33, 2048]).
size mismatch for head.fc.bias: copying a param with shape torch.Size([1000]) from checkpoint, the shape in current model is torch.Size([33]).
Name of parameter - Initialization information

backbone.conv1.weight - torch.Size([64, 3, 7, 7]): 
PretrainedInit: load from https://download.openmmlab.com/mmclassification/v0/resnet/resnet50_8xb32_in1k_20210831-ea4938fc.pth 

backbone.bn1.weight - torch.Size([64]): 
PretrainedInit: load from https://download.openmmlab.com/mmclassification/v0/resnet/resnet50_8xb32_in1k_20210831-ea4938fc.pth 

backbone.bn1.bias - torch.Size([64]): 
PretrainedInit: load from https://download.openmmlab.com/mmclassification/v0/resnet/resnet50_8xb32_in1k_20210831-ea4938fc.pth 

backbone.layer1.0.conv1.weight - torch.Size([64, 64, 1, 1]): 
PretrainedInit: load from https://download.openmmlab.com/mmclassification/v0/resnet/resnet50_8xb32_in1k_20210831-ea4938fc.pth 

backbone.layer1.0.bn1.weight - torch.Size([64]): 
PretrainedInit: load from https://download.openmmlab.com/mmclassification/v0/resnet/resnet50_8xb32_in1k_20210831-ea4938fc.pth 

backbone.layer1.0.bn1.bias - torch.Size([64]): 
PretrainedInit: load from https://download.openmmlab.com/mmclassification/v0/resnet/resnet50_8xb32_in1k_20210831-ea4938fc.pth 

backbone.layer1.0.conv2.weight - torch.Size([64, 64, 3, 3]): 
PretrainedInit: load from https://download.openmmlab.com/mmclassification/v0/resnet/resnet50_8xb32_in1k_20210831-ea4938fc.pth 

backbone.layer1.0.bn2.weight - torch.Size([64]): 
PretrainedInit: load from https://download.openmmlab.com/mmclassification/v0/resnet/resnet50_8xb32_in1k_20210831-ea4938fc.pth 

backbone.layer1.0.bn2.bias - torch.Size([64]): 
PretrainedInit: load from https://download.openmmlab.com/mmclassification/v0/resnet/resnet50_8xb32_in1k_20210831-ea4938fc.pth 

backbone.layer1.0.conv3.weight - torch.Size([256, 64, 1, 1]): 
PretrainedInit: load from https://download.openmmlab.com/mmclassification/v0/resnet/resnet50_8xb32_in1k_20210831-ea4938fc.pth 

backbone.layer1.0.bn3.weight - torch.Size([256]): 
PretrainedInit: load from https://download.openmmlab.com/mmclassification/v0/resnet/resnet50_8xb32_in1k_20210831-ea4938fc.pth 

backbone.layer1.0.bn3.bias - torch.Size([256]): 
PretrainedInit: load from https://download.openmmlab.com/mmclassification/v0/resnet/resnet50_8xb32_in1k_20210831-ea4938fc.pth 

backbone.layer1.0.downsample.0.weight - torch.Size([256, 64, 1, 1]): 
PretrainedInit: load from https://download.openmmlab.com/mmclassification/v0/resnet/resnet50_8xb32_in1k_20210831-ea4938fc.pth 

backbone.layer1.0.downsample.1.weight - torch.Size([256]): 
PretrainedInit: load from https://download.openmmlab.com/mmclassification/v0/resnet/resnet50_8xb32_in1k_20210831-ea4938fc.pth 

backbone.layer1.0.downsample.1.bias - torch.Size([256]): 
PretrainedInit: load from https://download.openmmlab.com/mmclassification/v0/resnet/resnet50_8xb32_in1k_20210831-ea4938fc.pth 

backbone.layer1.1.conv1.weight - torch.Size([64, 256, 1, 1]): 
PretrainedInit: load from https://download.openmmlab.com/mmclassification/v0/resnet/resnet50_8xb32_in1k_20210831-ea4938fc.pth 

backbone.layer1.1.bn1.weight - torch.Size([64]): 
PretrainedInit: load from https://download.openmmlab.com/mmclassification/v0/resnet/resnet50_8xb32_in1k_20210831-ea4938fc.pth 

backbone.layer1.1.bn1.bias - torch.Size([64]): 
PretrainedInit: load from https://download.openmmlab.com/mmclassification/v0/resnet/resnet50_8xb32_in1k_20210831-ea4938fc.pth 

backbone.layer1.1.conv2.weight - torch.Size([64, 64, 3, 3]): 
PretrainedInit: load from https://download.openmmlab.com/mmclassification/v0/resnet/resnet50_8xb32_in1k_20210831-ea4938fc.pth 

backbone.layer1.1.bn2.weight - torch.Size([64]): 
PretrainedInit: load from https://download.openmmlab.com/mmclassification/v0/resnet/resnet50_8xb32_in1k_20210831-ea4938fc.pth 

backbone.layer1.1.bn2.bias - torch.Size([64]): 
PretrainedInit: load from https://download.openmmlab.com/mmclassification/v0/resnet/resnet50_8xb32_in1k_20210831-ea4938fc.pth 

backbone.layer1.1.conv3.weight - torch.Size([256, 64, 1, 1]): 
PretrainedInit: load from https://download.openmmlab.com/mmclassification/v0/resnet/resnet50_8xb32_in1k_20210831-ea4938fc.pth 

backbone.layer1.1.bn3.weight - torch.Size([256]): 
PretrainedInit: load from https://download.openmmlab.com/mmclassification/v0/resnet/resnet50_8xb32_in1k_20210831-ea4938fc.pth 

backbone.layer1.1.bn3.bias - torch.Size([256]): 
PretrainedInit: load from https://download.openmmlab.com/mmclassification/v0/resnet/resnet50_8xb32_in1k_20210831-ea4938fc.pth 

backbone.layer1.2.conv1.weight - torch.Size([64, 256, 1, 1]): 
PretrainedInit: load from https://download.openmmlab.com/mmclassification/v0/resnet/resnet50_8xb32_in1k_20210831-ea4938fc.pth 

backbone.layer1.2.bn1.weight - torch.Size([64]): 
PretrainedInit: load from https://download.openmmlab.com/mmclassification/v0/resnet/resnet50_8xb32_in1k_20210831-ea4938fc.pth 

backbone.layer1.2.bn1.bias - torch.Size([64]): 
PretrainedInit: load from https://download.openmmlab.com/mmclassification/v0/resnet/resnet50_8xb32_in1k_20210831-ea4938fc.pth 

backbone.layer1.2.conv2.weight - torch.Size([64, 64, 3, 3]): 
PretrainedInit: load from https://download.openmmlab.com/mmclassification/v0/resnet/resnet50_8xb32_in1k_20210831-ea4938fc.pth 

backbone.layer1.2.bn2.weight - torch.Size([64]): 
PretrainedInit: load from https://download.openmmlab.com/mmclassification/v0/resnet/resnet50_8xb32_in1k_20210831-ea4938fc.pth 

backbone.layer1.2.bn2.bias - torch.Size([64]): 
PretrainedInit: load from https://download.openmmlab.com/mmclassification/v0/resnet/resnet50_8xb32_in1k_20210831-ea4938fc.pth 

backbone.layer1.2.conv3.weight - torch.Size([256, 64, 1, 1]): 
PretrainedInit: load from https://download.openmmlab.com/mmclassification/v0/resnet/resnet50_8xb32_in1k_20210831-ea4938fc.pth 

backbone.layer1.2.bn3.weight - torch.Size([256]): 
PretrainedInit: load from https://download.openmmlab.com/mmclassification/v0/resnet/resnet50_8xb32_in1k_20210831-ea4938fc.pth 

backbone.layer1.2.bn3.bias - torch.Size([256]): 
PretrainedInit: load from https://download.openmmlab.com/mmclassification/v0/resnet/resnet50_8xb32_in1k_20210831-ea4938fc.pth 

backbone.layer2.0.conv1.weight - torch.Size([128, 256, 1, 1]): 
PretrainedInit: load from https://download.openmmlab.com/mmclassification/v0/resnet/resnet50_8xb32_in1k_20210831-ea4938fc.pth 

backbone.layer2.0.bn1.weight - torch.Size([128]): 
PretrainedInit: load from https://download.openmmlab.com/mmclassification/v0/resnet/resnet50_8xb32_in1k_20210831-ea4938fc.pth 

backbone.layer2.0.bn1.bias - torch.Size([128]): 
PretrainedInit: load from https://download.openmmlab.com/mmclassification/v0/resnet/resnet50_8xb32_in1k_20210831-ea4938fc.pth 

backbone.layer2.0.conv2.weight - torch.Size([128, 128, 3, 3]): 
PretrainedInit: load from https://download.openmmlab.com/mmclassification/v0/resnet/resnet50_8xb32_in1k_20210831-ea4938fc.pth 

backbone.layer2.0.bn2.weight - torch.Size([128]): 
PretrainedInit: load from https://download.openmmlab.com/mmclassification/v0/resnet/resnet50_8xb32_in1k_20210831-ea4938fc.pth 

backbone.layer2.0.bn2.bias - torch.Size([128]): 
PretrainedInit: load from https://download.openmmlab.com/mmclassification/v0/resnet/resnet50_8xb32_in1k_20210831-ea4938fc.pth 

backbone.layer2.0.conv3.weight - torch.Size([512, 128, 1, 1]): 
PretrainedInit: load from https://download.openmmlab.com/mmclassification/v0/resnet/resnet50_8xb32_in1k_20210831-ea4938fc.pth 

backbone.layer2.0.bn3.weight - torch.Size([512]): 
PretrainedInit: load from https://download.openmmlab.com/mmclassification/v0/resnet/resnet50_8xb32_in1k_20210831-ea4938fc.pth 

backbone.layer2.0.bn3.bias - torch.Size([512]): 
PretrainedInit: load from https://download.openmmlab.com/mmclassification/v0/resnet/resnet50_8xb32_in1k_20210831-ea4938fc.pth 

backbone.layer2.0.downsample.0.weight - torch.Size([512, 256, 1, 1]): 
PretrainedInit: load from https://download.openmmlab.com/mmclassification/v0/resnet/resnet50_8xb32_in1k_20210831-ea4938fc.pth 

backbone.layer2.0.downsample.1.weight - torch.Size([512]): 
PretrainedInit: load from https://download.openmmlab.com/mmclassification/v0/resnet/resnet50_8xb32_in1k_20210831-ea4938fc.pth 

backbone.layer2.0.downsample.1.bias - torch.Size([512]): 
PretrainedInit: load from https://download.openmmlab.com/mmclassification/v0/resnet/resnet50_8xb32_in1k_20210831-ea4938fc.pth 

backbone.layer2.1.conv1.weight - torch.Size([128, 512, 1, 1]): 
PretrainedInit: load from https://download.openmmlab.com/mmclassification/v0/resnet/resnet50_8xb32_in1k_20210831-ea4938fc.pth 

backbone.layer2.1.bn1.weight - torch.Size([128]): 
PretrainedInit: load from https://download.openmmlab.com/mmclassification/v0/resnet/resnet50_8xb32_in1k_20210831-ea4938fc.pth 

backbone.layer2.1.bn1.bias - torch.Size([128]): 
PretrainedInit: load from https://download.openmmlab.com/mmclassification/v0/resnet/resnet50_8xb32_in1k_20210831-ea4938fc.pth 

backbone.layer2.1.conv2.weight - torch.Size([128, 128, 3, 3]): 
PretrainedInit: load from https://download.openmmlab.com/mmclassification/v0/resnet/resnet50_8xb32_in1k_20210831-ea4938fc.pth 

backbone.layer2.1.bn2.weight - torch.Size([128]): 
PretrainedInit: load from https://download.openmmlab.com/mmclassification/v0/resnet/resnet50_8xb32_in1k_20210831-ea4938fc.pth 

backbone.layer2.1.bn2.bias - torch.Size([128]): 
PretrainedInit: load from https://download.openmmlab.com/mmclassification/v0/resnet/resnet50_8xb32_in1k_20210831-ea4938fc.pth 

backbone.layer2.1.conv3.weight - torch.Size([512, 128, 1, 1]): 
PretrainedInit: load from https://download.openmmlab.com/mmclassification/v0/resnet/resnet50_8xb32_in1k_20210831-ea4938fc.pth 

backbone.layer2.1.bn3.weight - torch.Size([512]): 
PretrainedInit: load from https://download.openmmlab.com/mmclassification/v0/resnet/resnet50_8xb32_in1k_20210831-ea4938fc.pth 

backbone.layer2.1.bn3.bias - torch.Size([512]): 
PretrainedInit: load from https://download.openmmlab.com/mmclassification/v0/resnet/resnet50_8xb32_in1k_20210831-ea4938fc.pth 

backbone.layer2.2.conv1.weight - torch.Size([128, 512, 1, 1]): 
PretrainedInit: load from https://download.openmmlab.com/mmclassification/v0/resnet/resnet50_8xb32_in1k_20210831-ea4938fc.pth 

backbone.layer2.2.bn1.weight - torch.Size([128]): 
PretrainedInit: load from https://download.openmmlab.com/mmclassification/v0/resnet/resnet50_8xb32_in1k_20210831-ea4938fc.pth 

backbone.layer2.2.bn1.bias - torch.Size([128]): 
PretrainedInit: load from https://download.openmmlab.com/mmclassification/v0/resnet/resnet50_8xb32_in1k_20210831-ea4938fc.pth 

backbone.layer2.2.conv2.weight - torch.Size([128, 128, 3, 3]): 
PretrainedInit: load from https://download.openmmlab.com/mmclassification/v0/resnet/resnet50_8xb32_in1k_20210831-ea4938fc.pth 

backbone.layer2.2.bn2.weight - torch.Size([128]): 
PretrainedInit: load from https://download.openmmlab.com/mmclassification/v0/resnet/resnet50_8xb32_in1k_20210831-ea4938fc.pth 

backbone.layer2.2.bn2.bias - torch.Size([128]): 
PretrainedInit: load from https://download.openmmlab.com/mmclassification/v0/resnet/resnet50_8xb32_in1k_20210831-ea4938fc.pth 

backbone.layer2.2.conv3.weight - torch.Size([512, 128, 1, 1]): 
PretrainedInit: load from https://download.openmmlab.com/mmclassification/v0/resnet/resnet50_8xb32_in1k_20210831-ea4938fc.pth 

backbone.layer2.2.bn3.weight - torch.Size([512]): 
PretrainedInit: load from https://download.openmmlab.com/mmclassification/v0/resnet/resnet50_8xb32_in1k_20210831-ea4938fc.pth 

backbone.layer2.2.bn3.bias - torch.Size([512]): 
PretrainedInit: load from https://download.openmmlab.com/mmclassification/v0/resnet/resnet50_8xb32_in1k_20210831-ea4938fc.pth 

backbone.layer2.3.conv1.weight - torch.Size([128, 512, 1, 1]): 
PretrainedInit: load from https://download.openmmlab.com/mmclassification/v0/resnet/resnet50_8xb32_in1k_20210831-ea4938fc.pth 

backbone.layer2.3.bn1.weight - torch.Size([128]): 
PretrainedInit: load from https://download.openmmlab.com/mmclassification/v0/resnet/resnet50_8xb32_in1k_20210831-ea4938fc.pth 

backbone.layer2.3.bn1.bias - torch.Size([128]): 
PretrainedInit: load from https://download.openmmlab.com/mmclassification/v0/resnet/resnet50_8xb32_in1k_20210831-ea4938fc.pth 

backbone.layer2.3.conv2.weight - torch.Size([128, 128, 3, 3]): 
PretrainedInit: load from https://download.openmmlab.com/mmclassification/v0/resnet/resnet50_8xb32_in1k_20210831-ea4938fc.pth 

backbone.layer2.3.bn2.weight - torch.Size([128]): 
PretrainedInit: load from https://download.openmmlab.com/mmclassification/v0/resnet/resnet50_8xb32_in1k_20210831-ea4938fc.pth 

backbone.layer2.3.bn2.bias - torch.Size([128]): 
PretrainedInit: load from https://download.openmmlab.com/mmclassification/v0/resnet/resnet50_8xb32_in1k_20210831-ea4938fc.pth 

backbone.layer2.3.conv3.weight - torch.Size([512, 128, 1, 1]): 
PretrainedInit: load from https://download.openmmlab.com/mmclassification/v0/resnet/resnet50_8xb32_in1k_20210831-ea4938fc.pth 

backbone.layer2.3.bn3.weight - torch.Size([512]): 
PretrainedInit: load from https://download.openmmlab.com/mmclassification/v0/resnet/resnet50_8xb32_in1k_20210831-ea4938fc.pth 

backbone.layer2.3.bn3.bias - torch.Size([512]): 
PretrainedInit: load from https://download.openmmlab.com/mmclassification/v0/resnet/resnet50_8xb32_in1k_20210831-ea4938fc.pth 

backbone.layer3.0.conv1.weight - torch.Size([256, 512, 1, 1]): 
PretrainedInit: load from https://download.openmmlab.com/mmclassification/v0/resnet/resnet50_8xb32_in1k_20210831-ea4938fc.pth 

backbone.layer3.0.bn1.weight - torch.Size([256]): 
PretrainedInit: load from https://download.openmmlab.com/mmclassification/v0/resnet/resnet50_8xb32_in1k_20210831-ea4938fc.pth 

backbone.layer3.0.bn1.bias - torch.Size([256]): 
PretrainedInit: load from https://download.openmmlab.com/mmclassification/v0/resnet/resnet50_8xb32_in1k_20210831-ea4938fc.pth 

backbone.layer3.0.conv2.weight - torch.Size([256, 256, 3, 3]): 
PretrainedInit: load from https://download.openmmlab.com/mmclassification/v0/resnet/resnet50_8xb32_in1k_20210831-ea4938fc.pth 

backbone.layer3.0.bn2.weight - torch.Size([256]): 
PretrainedInit: load from https://download.openmmlab.com/mmclassification/v0/resnet/resnet50_8xb32_in1k_20210831-ea4938fc.pth 

backbone.layer3.0.bn2.bias - torch.Size([256]): 
PretrainedInit: load from https://download.openmmlab.com/mmclassification/v0/resnet/resnet50_8xb32_in1k_20210831-ea4938fc.pth 

backbone.layer3.0.conv3.weight - torch.Size([1024, 256, 1, 1]): 
PretrainedInit: load from https://download.openmmlab.com/mmclassification/v0/resnet/resnet50_8xb32_in1k_20210831-ea4938fc.pth 

backbone.layer3.0.bn3.weight - torch.Size([1024]): 
PretrainedInit: load from https://download.openmmlab.com/mmclassification/v0/resnet/resnet50_8xb32_in1k_20210831-ea4938fc.pth 

backbone.layer3.0.bn3.bias - torch.Size([1024]): 
PretrainedInit: load from https://download.openmmlab.com/mmclassification/v0/resnet/resnet50_8xb32_in1k_20210831-ea4938fc.pth 

backbone.layer3.0.downsample.0.weight - torch.Size([1024, 512, 1, 1]): 
PretrainedInit: load from https://download.openmmlab.com/mmclassification/v0/resnet/resnet50_8xb32_in1k_20210831-ea4938fc.pth 

backbone.layer3.0.downsample.1.weight - torch.Size([1024]): 
PretrainedInit: load from https://download.openmmlab.com/mmclassification/v0/resnet/resnet50_8xb32_in1k_20210831-ea4938fc.pth 

backbone.layer3.0.downsample.1.bias - torch.Size([1024]): 
PretrainedInit: load from https://download.openmmlab.com/mmclassification/v0/resnet/resnet50_8xb32_in1k_20210831-ea4938fc.pth 

backbone.layer3.1.conv1.weight - torch.Size([256, 1024, 1, 1]): 
PretrainedInit: load from https://download.openmmlab.com/mmclassification/v0/resnet/resnet50_8xb32_in1k_20210831-ea4938fc.pth 

backbone.layer3.1.bn1.weight - torch.Size([256]): 
PretrainedInit: load from https://download.openmmlab.com/mmclassification/v0/resnet/resnet50_8xb32_in1k_20210831-ea4938fc.pth 

backbone.layer3.1.bn1.bias - torch.Size([256]): 
PretrainedInit: load from https://download.openmmlab.com/mmclassification/v0/resnet/resnet50_8xb32_in1k_20210831-ea4938fc.pth 

backbone.layer3.1.conv2.weight - torch.Size([256, 256, 3, 3]): 
PretrainedInit: load from https://download.openmmlab.com/mmclassification/v0/resnet/resnet50_8xb32_in1k_20210831-ea4938fc.pth 

backbone.layer3.1.bn2.weight - torch.Size([256]): 
PretrainedInit: load from https://download.openmmlab.com/mmclassification/v0/resnet/resnet50_8xb32_in1k_20210831-ea4938fc.pth 

backbone.layer3.1.bn2.bias - torch.Size([256]): 
PretrainedInit: load from https://download.openmmlab.com/mmclassification/v0/resnet/resnet50_8xb32_in1k_20210831-ea4938fc.pth 

backbone.layer3.1.conv3.weight - torch.Size([1024, 256, 1, 1]): 
PretrainedInit: load from https://download.openmmlab.com/mmclassification/v0/resnet/resnet50_8xb32_in1k_20210831-ea4938fc.pth 

backbone.layer3.1.bn3.weight - torch.Size([1024]): 
PretrainedInit: load from https://download.openmmlab.com/mmclassification/v0/resnet/resnet50_8xb32_in1k_20210831-ea4938fc.pth 

backbone.layer3.1.bn3.bias - torch.Size([1024]): 
PretrainedInit: load from https://download.openmmlab.com/mmclassification/v0/resnet/resnet50_8xb32_in1k_20210831-ea4938fc.pth 

backbone.layer3.2.conv1.weight - torch.Size([256, 1024, 1, 1]): 
PretrainedInit: load from https://download.openmmlab.com/mmclassification/v0/resnet/resnet50_8xb32_in1k_20210831-ea4938fc.pth 

backbone.layer3.2.bn1.weight - torch.Size([256]): 
PretrainedInit: load from https://download.openmmlab.com/mmclassification/v0/resnet/resnet50_8xb32_in1k_20210831-ea4938fc.pth 

backbone.layer3.2.bn1.bias - torch.Size([256]): 
PretrainedInit: load from https://download.openmmlab.com/mmclassification/v0/resnet/resnet50_8xb32_in1k_20210831-ea4938fc.pth 

backbone.layer3.2.conv2.weight - torch.Size([256, 256, 3, 3]): 
PretrainedInit: load from https://download.openmmlab.com/mmclassification/v0/resnet/resnet50_8xb32_in1k_20210831-ea4938fc.pth 

backbone.layer3.2.bn2.weight - torch.Size([256]): 
PretrainedInit: load from https://download.openmmlab.com/mmclassification/v0/resnet/resnet50_8xb32_in1k_20210831-ea4938fc.pth 

backbone.layer3.2.bn2.bias - torch.Size([256]): 
PretrainedInit: load from https://download.openmmlab.com/mmclassification/v0/resnet/resnet50_8xb32_in1k_20210831-ea4938fc.pth 

backbone.layer3.2.conv3.weight - torch.Size([1024, 256, 1, 1]): 
PretrainedInit: load from https://download.openmmlab.com/mmclassification/v0/resnet/resnet50_8xb32_in1k_20210831-ea4938fc.pth 

backbone.layer3.2.bn3.weight - torch.Size([1024]): 
PretrainedInit: load from https://download.openmmlab.com/mmclassification/v0/resnet/resnet50_8xb32_in1k_20210831-ea4938fc.pth 

backbone.layer3.2.bn3.bias - torch.Size([1024]): 
PretrainedInit: load from https://download.openmmlab.com/mmclassification/v0/resnet/resnet50_8xb32_in1k_20210831-ea4938fc.pth 

backbone.layer3.3.conv1.weight - torch.Size([256, 1024, 1, 1]): 
PretrainedInit: load from https://download.openmmlab.com/mmclassification/v0/resnet/resnet50_8xb32_in1k_20210831-ea4938fc.pth 

backbone.layer3.3.bn1.weight - torch.Size([256]): 
PretrainedInit: load from https://download.openmmlab.com/mmclassification/v0/resnet/resnet50_8xb32_in1k_20210831-ea4938fc.pth 

backbone.layer3.3.bn1.bias - torch.Size([256]): 
PretrainedInit: load from https://download.openmmlab.com/mmclassification/v0/resnet/resnet50_8xb32_in1k_20210831-ea4938fc.pth 

backbone.layer3.3.conv2.weight - torch.Size([256, 256, 3, 3]): 
PretrainedInit: load from https://download.openmmlab.com/mmclassification/v0/resnet/resnet50_8xb32_in1k_20210831-ea4938fc.pth 

backbone.layer3.3.bn2.weight - torch.Size([256]): 
PretrainedInit: load from https://download.openmmlab.com/mmclassification/v0/resnet/resnet50_8xb32_in1k_20210831-ea4938fc.pth 

backbone.layer3.3.bn2.bias - torch.Size([256]): 
PretrainedInit: load from https://download.openmmlab.com/mmclassification/v0/resnet/resnet50_8xb32_in1k_20210831-ea4938fc.pth 

backbone.layer3.3.conv3.weight - torch.Size([1024, 256, 1, 1]): 
PretrainedInit: load from https://download.openmmlab.com/mmclassification/v0/resnet/resnet50_8xb32_in1k_20210831-ea4938fc.pth 

backbone.layer3.3.bn3.weight - torch.Size([1024]): 
PretrainedInit: load from https://download.openmmlab.com/mmclassification/v0/resnet/resnet50_8xb32_in1k_20210831-ea4938fc.pth 

backbone.layer3.3.bn3.bias - torch.Size([1024]): 
PretrainedInit: load from https://download.openmmlab.com/mmclassification/v0/resnet/resnet50_8xb32_in1k_20210831-ea4938fc.pth 

backbone.layer3.4.conv1.weight - torch.Size([256, 1024, 1, 1]): 
PretrainedInit: load from https://download.openmmlab.com/mmclassification/v0/resnet/resnet50_8xb32_in1k_20210831-ea4938fc.pth 

backbone.layer3.4.bn1.weight - torch.Size([256]): 
PretrainedInit: load from https://download.openmmlab.com/mmclassification/v0/resnet/resnet50_8xb32_in1k_20210831-ea4938fc.pth 

backbone.layer3.4.bn1.bias - torch.Size([256]): 
PretrainedInit: load from https://download.openmmlab.com/mmclassification/v0/resnet/resnet50_8xb32_in1k_20210831-ea4938fc.pth 

backbone.layer3.4.conv2.weight - torch.Size([256, 256, 3, 3]): 
PretrainedInit: load from https://download.openmmlab.com/mmclassification/v0/resnet/resnet50_8xb32_in1k_20210831-ea4938fc.pth 

backbone.layer3.4.bn2.weight - torch.Size([256]): 
PretrainedInit: load from https://download.openmmlab.com/mmclassification/v0/resnet/resnet50_8xb32_in1k_20210831-ea4938fc.pth 

backbone.layer3.4.bn2.bias - torch.Size([256]): 
PretrainedInit: load from https://download.openmmlab.com/mmclassification/v0/resnet/resnet50_8xb32_in1k_20210831-ea4938fc.pth 

backbone.layer3.4.conv3.weight - torch.Size([1024, 256, 1, 1]): 
PretrainedInit: load from https://download.openmmlab.com/mmclassification/v0/resnet/resnet50_8xb32_in1k_20210831-ea4938fc.pth 

backbone.layer3.4.bn3.weight - torch.Size([1024]): 
PretrainedInit: load from https://download.openmmlab.com/mmclassification/v0/resnet/resnet50_8xb32_in1k_20210831-ea4938fc.pth 

backbone.layer3.4.bn3.bias - torch.Size([1024]): 
PretrainedInit: load from https://download.openmmlab.com/mmclassification/v0/resnet/resnet50_8xb32_in1k_20210831-ea4938fc.pth 

backbone.layer3.5.conv1.weight - torch.Size([256, 1024, 1, 1]): 
PretrainedInit: load from https://download.openmmlab.com/mmclassification/v0/resnet/resnet50_8xb32_in1k_20210831-ea4938fc.pth 

backbone.layer3.5.bn1.weight - torch.Size([256]): 
PretrainedInit: load from https://download.openmmlab.com/mmclassification/v0/resnet/resnet50_8xb32_in1k_20210831-ea4938fc.pth 

backbone.layer3.5.bn1.bias - torch.Size([256]): 
PretrainedInit: load from https://download.openmmlab.com/mmclassification/v0/resnet/resnet50_8xb32_in1k_20210831-ea4938fc.pth 

backbone.layer3.5.conv2.weight - torch.Size([256, 256, 3, 3]): 
PretrainedInit: load from https://download.openmmlab.com/mmclassification/v0/resnet/resnet50_8xb32_in1k_20210831-ea4938fc.pth 

backbone.layer3.5.bn2.weight - torch.Size([256]): 
PretrainedInit: load from https://download.openmmlab.com/mmclassification/v0/resnet/resnet50_8xb32_in1k_20210831-ea4938fc.pth 

backbone.layer3.5.bn2.bias - torch.Size([256]): 
PretrainedInit: load from https://download.openmmlab.com/mmclassification/v0/resnet/resnet50_8xb32_in1k_20210831-ea4938fc.pth 

backbone.layer3.5.conv3.weight - torch.Size([1024, 256, 1, 1]): 
PretrainedInit: load from https://download.openmmlab.com/mmclassification/v0/resnet/resnet50_8xb32_in1k_20210831-ea4938fc.pth 

backbone.layer3.5.bn3.weight - torch.Size([1024]): 
PretrainedInit: load from https://download.openmmlab.com/mmclassification/v0/resnet/resnet50_8xb32_in1k_20210831-ea4938fc.pth 

backbone.layer3.5.bn3.bias - torch.Size([1024]): 
PretrainedInit: load from https://download.openmmlab.com/mmclassification/v0/resnet/resnet50_8xb32_in1k_20210831-ea4938fc.pth 

backbone.layer4.0.conv1.weight - torch.Size([512, 1024, 1, 1]): 
PretrainedInit: load from https://download.openmmlab.com/mmclassification/v0/resnet/resnet50_8xb32_in1k_20210831-ea4938fc.pth 

backbone.layer4.0.bn1.weight - torch.Size([512]): 
PretrainedInit: load from https://download.openmmlab.com/mmclassification/v0/resnet/resnet50_8xb32_in1k_20210831-ea4938fc.pth 

backbone.layer4.0.bn1.bias - torch.Size([512]): 
PretrainedInit: load from https://download.openmmlab.com/mmclassification/v0/resnet/resnet50_8xb32_in1k_20210831-ea4938fc.pth 

backbone.layer4.0.conv2.weight - torch.Size([512, 512, 3, 3]): 
PretrainedInit: load from https://download.openmmlab.com/mmclassification/v0/resnet/resnet50_8xb32_in1k_20210831-ea4938fc.pth 

backbone.layer4.0.bn2.weight - torch.Size([512]): 
PretrainedInit: load from https://download.openmmlab.com/mmclassification/v0/resnet/resnet50_8xb32_in1k_20210831-ea4938fc.pth 

backbone.layer4.0.bn2.bias - torch.Size([512]): 
PretrainedInit: load from https://download.openmmlab.com/mmclassification/v0/resnet/resnet50_8xb32_in1k_20210831-ea4938fc.pth 

backbone.layer4.0.conv3.weight - torch.Size([2048, 512, 1, 1]): 
PretrainedInit: load from https://download.openmmlab.com/mmclassification/v0/resnet/resnet50_8xb32_in1k_20210831-ea4938fc.pth 

backbone.layer4.0.bn3.weight - torch.Size([2048]): 
PretrainedInit: load from https://download.openmmlab.com/mmclassification/v0/resnet/resnet50_8xb32_in1k_20210831-ea4938fc.pth 

backbone.layer4.0.bn3.bias - torch.Size([2048]): 
PretrainedInit: load from https://download.openmmlab.com/mmclassification/v0/resnet/resnet50_8xb32_in1k_20210831-ea4938fc.pth 

backbone.layer4.0.downsample.0.weight - torch.Size([2048, 1024, 1, 1]): 
PretrainedInit: load from https://download.openmmlab.com/mmclassification/v0/resnet/resnet50_8xb32_in1k_20210831-ea4938fc.pth 

backbone.layer4.0.downsample.1.weight - torch.Size([2048]): 
PretrainedInit: load from https://download.openmmlab.com/mmclassification/v0/resnet/resnet50_8xb32_in1k_20210831-ea4938fc.pth 

backbone.layer4.0.downsample.1.bias - torch.Size([2048]): 
PretrainedInit: load from https://download.openmmlab.com/mmclassification/v0/resnet/resnet50_8xb32_in1k_20210831-ea4938fc.pth 

backbone.layer4.1.conv1.weight - torch.Size([512, 2048, 1, 1]): 
PretrainedInit: load from https://download.openmmlab.com/mmclassification/v0/resnet/resnet50_8xb32_in1k_20210831-ea4938fc.pth 

backbone.layer4.1.bn1.weight - torch.Size([512]): 
PretrainedInit: load from https://download.openmmlab.com/mmclassification/v0/resnet/resnet50_8xb32_in1k_20210831-ea4938fc.pth 

backbone.layer4.1.bn1.bias - torch.Size([512]): 
PretrainedInit: load from https://download.openmmlab.com/mmclassification/v0/resnet/resnet50_8xb32_in1k_20210831-ea4938fc.pth 

backbone.layer4.1.conv2.weight - torch.Size([512, 512, 3, 3]): 
PretrainedInit: load from https://download.openmmlab.com/mmclassification/v0/resnet/resnet50_8xb32_in1k_20210831-ea4938fc.pth 

backbone.layer4.1.bn2.weight - torch.Size([512]): 
PretrainedInit: load from https://download.openmmlab.com/mmclassification/v0/resnet/resnet50_8xb32_in1k_20210831-ea4938fc.pth 

backbone.layer4.1.bn2.bias - torch.Size([512]): 
PretrainedInit: load from https://download.openmmlab.com/mmclassification/v0/resnet/resnet50_8xb32_in1k_20210831-ea4938fc.pth 

backbone.layer4.1.conv3.weight - torch.Size([2048, 512, 1, 1]): 
PretrainedInit: load from https://download.openmmlab.com/mmclassification/v0/resnet/resnet50_8xb32_in1k_20210831-ea4938fc.pth 

backbone.layer4.1.bn3.weight - torch.Size([2048]): 
PretrainedInit: load from https://download.openmmlab.com/mmclassification/v0/resnet/resnet50_8xb32_in1k_20210831-ea4938fc.pth 

backbone.layer4.1.bn3.bias - torch.Size([2048]): 
PretrainedInit: load from https://download.openmmlab.com/mmclassification/v0/resnet/resnet50_8xb32_in1k_20210831-ea4938fc.pth 

backbone.layer4.2.conv1.weight - torch.Size([512, 2048, 1, 1]): 
PretrainedInit: load from https://download.openmmlab.com/mmclassification/v0/resnet/resnet50_8xb32_in1k_20210831-ea4938fc.pth 

backbone.layer4.2.bn1.weight - torch.Size([512]): 
PretrainedInit: load from https://download.openmmlab.com/mmclassification/v0/resnet/resnet50_8xb32_in1k_20210831-ea4938fc.pth 

backbone.layer4.2.bn1.bias - torch.Size([512]): 
PretrainedInit: load from https://download.openmmlab.com/mmclassification/v0/resnet/resnet50_8xb32_in1k_20210831-ea4938fc.pth 

backbone.layer4.2.conv2.weight - torch.Size([512, 512, 3, 3]): 
PretrainedInit: load from https://download.openmmlab.com/mmclassification/v0/resnet/resnet50_8xb32_in1k_20210831-ea4938fc.pth 

backbone.layer4.2.bn2.weight - torch.Size([512]): 
PretrainedInit: load from https://download.openmmlab.com/mmclassification/v0/resnet/resnet50_8xb32_in1k_20210831-ea4938fc.pth 

backbone.layer4.2.bn2.bias - torch.Size([512]): 
PretrainedInit: load from https://download.openmmlab.com/mmclassification/v0/resnet/resnet50_8xb32_in1k_20210831-ea4938fc.pth 

backbone.layer4.2.conv3.weight - torch.Size([2048, 512, 1, 1]): 
PretrainedInit: load from https://download.openmmlab.com/mmclassification/v0/resnet/resnet50_8xb32_in1k_20210831-ea4938fc.pth 

backbone.layer4.2.bn3.weight - torch.Size([2048]): 
PretrainedInit: load from https://download.openmmlab.com/mmclassification/v0/resnet/resnet50_8xb32_in1k_20210831-ea4938fc.pth 

backbone.layer4.2.bn3.bias - torch.Size([2048]): 
PretrainedInit: load from https://download.openmmlab.com/mmclassification/v0/resnet/resnet50_8xb32_in1k_20210831-ea4938fc.pth 

head.fc.weight - torch.Size([33, 2048]): 
NormalInit: mean=0, std=0.01, bias=0 

head.fc.bias - torch.Size([33]): 
NormalInit: mean=0, std=0.01, bias=0 
2023/06/07 13:29:36 - mmengine - WARNING - "FileClient" will be deprecated in future. Please use io functions in https://mmengine.readthedocs.io/en/latest/api/fileio.html#file-io
2023/06/07 13:29:36 - mmengine - WARNING - "HardDiskBackend" is the alias of "LocalBackend" and the former will be deprecated in future.
2023/06/07 13:29:36 - mmengine - INFO - Checkpoints will be saved to /home/tonnn/.nas/weijia/work/mmlab-camp/mmpretrain/exp.
2023/06/07 13:29:45 - mmengine - INFO - Exp name: res50_20230607_132928
2023/06/07 13:29:45 - mmengine - INFO - Epoch(train)   [1][24/24]  lr: 1.0000e-03  eta: 0:15:56  time: 0.2566  data_time: 0.0004  memory: 10951  loss: 1.5166
2023/06/07 13:29:45 - mmengine - INFO - Saving checkpoint at 1 epochs
2023/06/07 13:29:50 - mmengine - INFO - Epoch(val) [1][3/3]    accuracy/top1: 35.6742  data_time: 0.2687  time: 0.3581
2023/06/07 13:29:52 - mmengine - INFO - The best checkpoint with 35.6742 accuracy/top1 at 1 epoch is saved to best_accuracy_top1_epoch_1.pth.
2023/06/07 13:29:59 - mmengine - INFO - Exp name: res50_20230607_132928
2023/06/07 13:29:59 - mmengine - INFO - Epoch(train)   [2][24/24]  lr: 1.0000e-03  eta: 0:13:41  time: 0.2543  data_time: 0.0004  memory: 10951  loss: 1.1130
2023/06/07 13:29:59 - mmengine - INFO - Saving checkpoint at 2 epochs
2023/06/07 13:30:04 - mmengine - INFO - Epoch(val) [2][3/3]    accuracy/top1: 62.6404  data_time: 0.1289  time: 0.2125
2023/06/07 13:30:04 - mmengine - INFO - The previous best checkpoint /home/tonnn/.nas/weijia/work/mmlab-camp/mmpretrain/exp/best_accuracy_top1_epoch_1.pth is removed
2023/06/07 13:30:05 - mmengine - INFO - The best checkpoint with 62.6404 accuracy/top1 at 2 epoch is saved to best_accuracy_top1_epoch_2.pth.
2023/06/07 13:30:12 - mmengine - INFO - Exp name: res50_20230607_132928
2023/06/07 13:30:12 - mmengine - INFO - Epoch(train)   [3][24/24]  lr: 1.0000e-03  eta: 0:12:47  time: 0.2549  data_time: 0.0004  memory: 10951  loss: 0.9524
2023/06/07 13:30:12 - mmengine - INFO - Saving checkpoint at 3 epochs
2023/06/07 13:30:17 - mmengine - INFO - Epoch(val) [3][3/3]    accuracy/top1: 72.7528  data_time: 0.1313  time: 0.2153
2023/06/07 13:30:17 - mmengine - INFO - The previous best checkpoint /home/tonnn/.nas/weijia/work/mmlab-camp/mmpretrain/exp/best_accuracy_top1_epoch_2.pth is removed
2023/06/07 13:30:18 - mmengine - INFO - The best checkpoint with 72.7528 accuracy/top1 at 3 epoch is saved to best_accuracy_top1_epoch_3.pth.
2023/06/07 13:30:25 - mmengine - INFO - Exp name: res50_20230607_132928
2023/06/07 13:30:25 - mmengine - INFO - Epoch(train)   [4][24/24]  lr: 1.0000e-03  eta: 0:12:17  time: 0.2548  data_time: 0.0003  memory: 10951  loss: 0.9606
2023/06/07 13:30:25 - mmengine - INFO - Saving checkpoint at 4 epochs
2023/06/07 13:30:30 - mmengine - INFO - Epoch(val) [4][3/3]    accuracy/top1: 70.2247  data_time: 0.1338  time: 0.2174
2023/06/07 13:30:37 - mmengine - INFO - Exp name: res50_20230607_132928
2023/06/07 13:30:37 - mmengine - INFO - Epoch(train)   [5][24/24]  lr: 1.0000e-03  eta: 0:11:56  time: 0.2563  data_time: 0.0004  memory: 10951  loss: 0.9174
2023/06/07 13:30:37 - mmengine - INFO - Saving checkpoint at 5 epochs
2023/06/07 13:30:41 - mmengine - INFO - Epoch(val) [5][3/3]    accuracy/top1: 74.4382  data_time: 0.1265  time: 0.2118
2023/06/07 13:30:41 - mmengine - INFO - The previous best checkpoint /home/tonnn/.nas/weijia/work/mmlab-camp/mmpretrain/exp/best_accuracy_top1_epoch_3.pth is removed
2023/06/07 13:30:43 - mmengine - INFO - The best checkpoint with 74.4382 accuracy/top1 at 5 epoch is saved to best_accuracy_top1_epoch_5.pth.
2023/06/07 13:30:50 - mmengine - INFO - Exp name: res50_20230607_132928
2023/06/07 13:30:50 - mmengine - INFO - Epoch(train)   [6][24/24]  lr: 1.0000e-03  eta: 0:11:41  time: 0.2557  data_time: 0.0004  memory: 10951  loss: 0.8005
2023/06/07 13:30:50 - mmengine - INFO - Saving checkpoint at 6 epochs
2023/06/07 13:30:55 - mmengine - INFO - Epoch(val) [6][3/3]    accuracy/top1: 76.1236  data_time: 0.1334  time: 0.2177
2023/06/07 13:30:55 - mmengine - INFO - The previous best checkpoint /home/tonnn/.nas/weijia/work/mmlab-camp/mmpretrain/exp/best_accuracy_top1_epoch_5.pth is removed
2023/06/07 13:30:56 - mmengine - INFO - The best checkpoint with 76.1236 accuracy/top1 at 6 epoch is saved to best_accuracy_top1_epoch_6.pth.
2023/06/07 13:31:04 - mmengine - INFO - Exp name: res50_20230607_132928
2023/06/07 13:31:04 - mmengine - INFO - Epoch(train)   [7][24/24]  lr: 1.0000e-03  eta: 0:11:28  time: 0.2588  data_time: 0.0005  memory: 10951  loss: 0.8358
2023/06/07 13:31:04 - mmengine - INFO - Saving checkpoint at 7 epochs
2023/06/07 13:31:08 - mmengine - INFO - Epoch(val) [7][3/3]    accuracy/top1: 75.8427  data_time: 0.1409  time: 0.2246
2023/06/07 13:31:15 - mmengine - INFO - Exp name: res50_20230607_132928
2023/06/07 13:31:15 - mmengine - INFO - Epoch(train)   [8][24/24]  lr: 1.0000e-03  eta: 0:11:16  time: 0.2570  data_time: 0.0004  memory: 10951  loss: 0.7870
2023/06/07 13:31:15 - mmengine - INFO - Saving checkpoint at 8 epochs
2023/06/07 13:31:20 - mmengine - INFO - Epoch(val) [8][3/3]    accuracy/top1: 78.0899  data_time: 0.1545  time: 0.2383
2023/06/07 13:31:20 - mmengine - INFO - The previous best checkpoint /home/tonnn/.nas/weijia/work/mmlab-camp/mmpretrain/exp/best_accuracy_top1_epoch_6.pth is removed
2023/06/07 13:31:21 - mmengine - INFO - The best checkpoint with 78.0899 accuracy/top1 at 8 epoch is saved to best_accuracy_top1_epoch_8.pth.
2023/06/07 13:31:28 - mmengine - INFO - Exp name: res50_20230607_132928
2023/06/07 13:31:28 - mmengine - INFO - Epoch(train)   [9][24/24]  lr: 1.0000e-03  eta: 0:11:05  time: 0.2558  data_time: 0.0004  memory: 10951  loss: 0.6712
2023/06/07 13:31:28 - mmengine - INFO - Saving checkpoint at 9 epochs
2023/06/07 13:31:33 - mmengine - INFO - Epoch(val) [9][3/3]    accuracy/top1: 82.0225  data_time: 0.1300  time: 0.2141
2023/06/07 13:31:33 - mmengine - INFO - The previous best checkpoint /home/tonnn/.nas/weijia/work/mmlab-camp/mmpretrain/exp/best_accuracy_top1_epoch_8.pth is removed
2023/06/07 13:31:35 - mmengine - INFO - The best checkpoint with 82.0225 accuracy/top1 at 9 epoch is saved to best_accuracy_top1_epoch_9.pth.
2023/06/07 13:31:42 - mmengine - INFO - Exp name: res50_20230607_132928
2023/06/07 13:31:42 - mmengine - INFO - Epoch(train)  [10][24/24]  lr: 1.0000e-03  eta: 0:10:55  time: 0.2562  data_time: 0.0005  memory: 10951  loss: 0.6482
2023/06/07 13:31:42 - mmengine - INFO - Saving checkpoint at 10 epochs
2023/06/07 13:31:46 - mmengine - INFO - Epoch(val) [10][3/3]    accuracy/top1: 84.2697  data_time: 0.1291  time: 0.2142
2023/06/07 13:31:46 - mmengine - INFO - The previous best checkpoint /home/tonnn/.nas/weijia/work/mmlab-camp/mmpretrain/exp/best_accuracy_top1_epoch_9.pth is removed
2023/06/07 13:31:48 - mmengine - INFO - The best checkpoint with 84.2697 accuracy/top1 at 10 epoch is saved to best_accuracy_top1_epoch_10.pth.
2023/06/07 13:31:55 - mmengine - INFO - Exp name: res50_20230607_132928
2023/06/07 13:31:55 - mmengine - INFO - Epoch(train)  [11][24/24]  lr: 1.0000e-03  eta: 0:10:46  time: 0.2562  data_time: 0.0005  memory: 10951  loss: 0.6451
2023/06/07 13:31:55 - mmengine - INFO - Saving checkpoint at 11 epochs
2023/06/07 13:32:00 - mmengine - INFO - Epoch(val) [11][3/3]    accuracy/top1: 78.6517  data_time: 0.1280  time: 0.2123
2023/06/07 13:32:07 - mmengine - INFO - Exp name: res50_20230607_132928
2023/06/07 13:32:07 - mmengine - INFO - Epoch(train)  [12][24/24]  lr: 1.0000e-03  eta: 0:10:37  time: 0.2566  data_time: 0.0006  memory: 10951  loss: 0.5931
2023/06/07 13:32:07 - mmengine - INFO - Saving checkpoint at 12 epochs
2023/06/07 13:32:11 - mmengine - INFO - Epoch(val) [12][3/3]    accuracy/top1: 74.1573  data_time: 0.1361  time: 0.2209
2023/06/07 13:32:18 - mmengine - INFO - Exp name: res50_20230607_132928
2023/06/07 13:32:18 - mmengine - INFO - Epoch(train)  [13][24/24]  lr: 1.0000e-03  eta: 0:10:29  time: 0.2599  data_time: 0.0006  memory: 10951  loss: 0.6804
2023/06/07 13:32:18 - mmengine - INFO - Saving checkpoint at 13 epochs
2023/06/07 13:32:23 - mmengine - INFO - Epoch(val) [13][3/3]    accuracy/top1: 78.9326  data_time: 0.1346  time: 0.2189
2023/06/07 13:32:30 - mmengine - INFO - Exp name: res50_20230607_132928
2023/06/07 13:32:30 - mmengine - INFO - Epoch(train)  [14][24/24]  lr: 1.0000e-03  eta: 0:10:21  time: 0.2575  data_time: 0.0005  memory: 10951  loss: 0.6783
2023/06/07 13:32:30 - mmengine - INFO - Saving checkpoint at 14 epochs
2023/06/07 13:32:35 - mmengine - INFO - Epoch(val) [14][3/3]    accuracy/top1: 76.4045  data_time: 0.1271  time: 0.2114
2023/06/07 13:32:42 - mmengine - INFO - Exp name: res50_20230607_132928
2023/06/07 13:32:42 - mmengine - INFO - Epoch(train)  [15][24/24]  lr: 1.0000e-03  eta: 0:10:13  time: 0.2580  data_time: 0.0005  memory: 10951  loss: 0.6674
2023/06/07 13:32:42 - mmengine - INFO - Saving checkpoint at 15 epochs
2023/06/07 13:32:46 - mmengine - INFO - Epoch(val) [15][3/3]    accuracy/top1: 80.0562  data_time: 0.1277  time: 0.2120
2023/06/07 13:32:54 - mmengine - INFO - Exp name: res50_20230607_132928
2023/06/07 13:32:54 - mmengine - INFO - Epoch(train)  [16][24/24]  lr: 1.0000e-03  eta: 0:10:05  time: 0.2578  data_time: 0.0004  memory: 10951  loss: 0.4999
2023/06/07 13:32:54 - mmengine - INFO - Saving checkpoint at 16 epochs
2023/06/07 13:32:58 - mmengine - INFO - Epoch(val) [16][3/3]    accuracy/top1: 85.3933  data_time: 0.1279  time: 0.2121
2023/06/07 13:32:58 - mmengine - INFO - The previous best checkpoint /home/tonnn/.nas/weijia/work/mmlab-camp/mmpretrain/exp/best_accuracy_top1_epoch_10.pth is removed
2023/06/07 13:33:00 - mmengine - INFO - The best checkpoint with 85.3933 accuracy/top1 at 16 epoch is saved to best_accuracy_top1_epoch_16.pth.
2023/06/07 13:33:07 - mmengine - INFO - Exp name: res50_20230607_132928
2023/06/07 13:33:07 - mmengine - INFO - Epoch(train)  [17][24/24]  lr: 1.0000e-03  eta: 0:09:57  time: 0.2587  data_time: 0.0006  memory: 10951  loss: 0.5342
2023/06/07 13:33:07 - mmengine - INFO - Saving checkpoint at 17 epochs
2023/06/07 13:33:12 - mmengine - INFO - Epoch(val) [17][3/3]    accuracy/top1: 84.5506  data_time: 0.1381  time: 0.2229
2023/06/07 13:33:19 - mmengine - INFO - Exp name: res50_20230607_132928
2023/06/07 13:33:19 - mmengine - INFO - Epoch(train)  [18][24/24]  lr: 1.0000e-03  eta: 0:09:49  time: 0.2594  data_time: 0.0006  memory: 10951  loss: 0.5871
2023/06/07 13:33:19 - mmengine - INFO - Saving checkpoint at 18 epochs
2023/06/07 13:33:24 - mmengine - INFO - Epoch(val) [18][3/3]    accuracy/top1: 83.7079  data_time: 0.1262  time: 0.2117
2023/06/07 13:33:31 - mmengine - INFO - Exp name: res50_20230607_132928
2023/06/07 13:33:31 - mmengine - INFO - Epoch(train)  [19][24/24]  lr: 1.0000e-03  eta: 0:09:42  time: 0.2601  data_time: 0.0008  memory: 10951  loss: 0.5698
2023/06/07 13:33:31 - mmengine - INFO - Saving checkpoint at 19 epochs
2023/06/07 13:33:36 - mmengine - INFO - Epoch(val) [19][3/3]    accuracy/top1: 84.5506  data_time: 0.1304  time: 0.2149
2023/06/07 13:33:43 - mmengine - INFO - Exp name: res50_20230607_132928
2023/06/07 13:33:43 - mmengine - INFO - Epoch(train)  [20][24/24]  lr: 1.0000e-03  eta: 0:09:34  time: 0.2602  data_time: 0.0006  memory: 10951  loss: 0.5293
2023/06/07 13:33:43 - mmengine - INFO - Saving checkpoint at 20 epochs
2023/06/07 13:33:48 - mmengine - INFO - Epoch(val) [20][3/3]    accuracy/top1: 78.6517  data_time: 0.1301  time: 0.2148
2023/06/07 13:33:55 - mmengine - INFO - Exp name: res50_20230607_132928
2023/06/07 13:33:55 - mmengine - INFO - Epoch(train)  [21][24/24]  lr: 1.0000e-03  eta: 0:09:27  time: 0.2598  data_time: 0.0006  memory: 10951  loss: 0.6172
2023/06/07 13:33:55 - mmengine - INFO - Saving checkpoint at 21 epochs
2023/06/07 13:34:00 - mmengine - INFO - Epoch(val) [21][3/3]    accuracy/top1: 83.1461  data_time: 0.1255  time: 0.2107
2023/06/07 13:34:07 - mmengine - INFO - Exp name: res50_20230607_132928
2023/06/07 13:34:07 - mmengine - INFO - Epoch(train)  [22][24/24]  lr: 1.0000e-03  eta: 0:09:20  time: 0.2594  data_time: 0.0005  memory: 10951  loss: 0.5568
2023/06/07 13:34:07 - mmengine - INFO - Saving checkpoint at 22 epochs
2023/06/07 13:34:12 - mmengine - INFO - Epoch(val) [22][3/3]    accuracy/top1: 79.4944  data_time: 0.1284  time: 0.2132
2023/06/07 13:34:19 - mmengine - INFO - Exp name: res50_20230607_132928
2023/06/07 13:34:19 - mmengine - INFO - Epoch(train)  [23][24/24]  lr: 1.0000e-03  eta: 0:09:12  time: 0.2599  data_time: 0.0005  memory: 10951  loss: 0.4796
2023/06/07 13:34:19 - mmengine - INFO - Saving checkpoint at 23 epochs
2023/06/07 13:34:24 - mmengine - INFO - Epoch(val) [23][3/3]    accuracy/top1: 83.4270  data_time: 0.1442  time: 0.2287
2023/06/07 13:34:31 - mmengine - INFO - Exp name: res50_20230607_132928
2023/06/07 13:34:31 - mmengine - INFO - Epoch(train)  [24][24/24]  lr: 1.0000e-03  eta: 0:09:05  time: 0.2594  data_time: 0.0005  memory: 10951  loss: 0.5339
2023/06/07 13:34:31 - mmengine - INFO - Saving checkpoint at 24 epochs
2023/06/07 13:34:35 - mmengine - INFO - Epoch(val) [24][3/3]    accuracy/top1: 85.3933  data_time: 0.1451  time: 0.2297
2023/06/07 13:34:43 - mmengine - INFO - Exp name: res50_20230607_132928
2023/06/07 13:34:43 - mmengine - INFO - Epoch(train)  [25][24/24]  lr: 1.0000e-03  eta: 0:08:57  time: 0.2594  data_time: 0.0005  memory: 10951  loss: 0.5067
2023/06/07 13:34:43 - mmengine - INFO - Saving checkpoint at 25 epochs
2023/06/07 13:34:47 - mmengine - INFO - Epoch(val) [25][3/3]    accuracy/top1: 85.9551  data_time: 0.1270  time: 0.2123
2023/06/07 13:34:47 - mmengine - INFO - The previous best checkpoint /home/tonnn/.nas/weijia/work/mmlab-camp/mmpretrain/exp/best_accuracy_top1_epoch_16.pth is removed
2023/06/07 13:34:49 - mmengine - INFO - The best checkpoint with 85.9551 accuracy/top1 at 25 epoch is saved to best_accuracy_top1_epoch_25.pth.
2023/06/07 13:34:56 - mmengine - INFO - Exp name: res50_20230607_132928
2023/06/07 13:34:56 - mmengine - INFO - Epoch(train)  [26][24/24]  lr: 1.0000e-03  eta: 0:08:50  time: 0.2585  data_time: 0.0005  memory: 10951  loss: 0.5541
2023/06/07 13:34:56 - mmengine - INFO - Saving checkpoint at 26 epochs
2023/06/07 13:35:01 - mmengine - INFO - Epoch(val) [26][3/3]    accuracy/top1: 82.8652  data_time: 0.1292  time: 0.2141
2023/06/07 13:35:08 - mmengine - INFO - Exp name: res50_20230607_132928
2023/06/07 13:35:08 - mmengine - INFO - Epoch(train)  [27][24/24]  lr: 1.0000e-03  eta: 0:08:42  time: 0.2598  data_time: 0.0005  memory: 10951  loss: 0.4423
2023/06/07 13:35:08 - mmengine - INFO - Saving checkpoint at 27 epochs
2023/06/07 13:35:13 - mmengine - INFO - Epoch(val) [27][3/3]    accuracy/top1: 85.3933  data_time: 0.1454  time: 0.2298
2023/06/07 13:35:20 - mmengine - INFO - Exp name: res50_20230607_132928
2023/06/07 13:35:20 - mmengine - INFO - Epoch(train)  [28][24/24]  lr: 1.0000e-03  eta: 0:08:35  time: 0.2597  data_time: 0.0005  memory: 10951  loss: 0.4448
2023/06/07 13:35:20 - mmengine - INFO - Saving checkpoint at 28 epochs
2023/06/07 13:35:25 - mmengine - INFO - Epoch(val) [28][3/3]    accuracy/top1: 87.6404  data_time: 0.1333  time: 0.2179
2023/06/07 13:35:25 - mmengine - INFO - The previous best checkpoint /home/tonnn/.nas/weijia/work/mmlab-camp/mmpretrain/exp/best_accuracy_top1_epoch_25.pth is removed
2023/06/07 13:35:27 - mmengine - INFO - The best checkpoint with 87.6404 accuracy/top1 at 28 epoch is saved to best_accuracy_top1_epoch_28.pth.
2023/06/07 13:35:34 - mmengine - INFO - Exp name: res50_20230607_132928
2023/06/07 13:35:34 - mmengine - INFO - Epoch(train)  [29][24/24]  lr: 1.0000e-03  eta: 0:08:28  time: 0.2590  data_time: 0.0005  memory: 10951  loss: 0.3314
2023/06/07 13:35:34 - mmengine - INFO - Saving checkpoint at 29 epochs
2023/06/07 13:35:39 - mmengine - INFO - Epoch(val) [29][3/3]    accuracy/top1: 85.1124  data_time: 0.1438  time: 0.2288
2023/06/07 13:35:46 - mmengine - INFO - Exp name: res50_20230607_132928
2023/06/07 13:35:46 - mmengine - INFO - Epoch(train)  [30][24/24]  lr: 1.0000e-03  eta: 0:08:20  time: 0.2599  data_time: 0.0005  memory: 10951  loss: 0.3597
2023/06/07 13:35:46 - mmengine - INFO - Saving checkpoint at 30 epochs
2023/06/07 13:35:51 - mmengine - INFO - Epoch(val) [30][3/3]    accuracy/top1: 84.2697  data_time: 0.1341  time: 0.2185
2023/06/07 13:35:58 - mmengine - INFO - Exp name: res50_20230607_132928
2023/06/07 13:35:58 - mmengine - INFO - Epoch(train)  [31][24/24]  lr: 1.0000e-04  eta: 0:08:13  time: 0.2600  data_time: 0.0005  memory: 10951  loss: 0.2683
2023/06/07 13:35:58 - mmengine - INFO - Saving checkpoint at 31 epochs
2023/06/07 13:36:03 - mmengine - INFO - Epoch(val) [31][3/3]    accuracy/top1: 90.7303  data_time: 0.1271  time: 0.2116
2023/06/07 13:36:03 - mmengine - INFO - The previous best checkpoint /home/tonnn/.nas/weijia/work/mmlab-camp/mmpretrain/exp/best_accuracy_top1_epoch_28.pth is removed
2023/06/07 13:36:05 - mmengine - INFO - The best checkpoint with 90.7303 accuracy/top1 at 31 epoch is saved to best_accuracy_top1_epoch_31.pth.
2023/06/07 13:36:12 - mmengine - INFO - Exp name: res50_20230607_132928
2023/06/07 13:36:12 - mmengine - INFO - Epoch(train)  [32][24/24]  lr: 1.0000e-04  eta: 0:08:06  time: 0.2585  data_time: 0.0005  memory: 10951  loss: 0.2055
2023/06/07 13:36:12 - mmengine - INFO - Saving checkpoint at 32 epochs
2023/06/07 13:36:16 - mmengine - INFO - Epoch(val) [32][3/3]    accuracy/top1: 91.8539  data_time: 0.1446  time: 0.2291
2023/06/07 13:36:17 - mmengine - INFO - The previous best checkpoint /home/tonnn/.nas/weijia/work/mmlab-camp/mmpretrain/exp/best_accuracy_top1_epoch_31.pth is removed
2023/06/07 13:36:18 - mmengine - INFO - The best checkpoint with 91.8539 accuracy/top1 at 32 epoch is saved to best_accuracy_top1_epoch_32.pth.
2023/06/07 13:36:26 - mmengine - INFO - Exp name: res50_20230607_132928
2023/06/07 13:36:26 - mmengine - INFO - Epoch(train)  [33][24/24]  lr: 1.0000e-04  eta: 0:07:59  time: 0.2585  data_time: 0.0005  memory: 10951  loss: 0.1865
2023/06/07 13:36:26 - mmengine - INFO - Saving checkpoint at 33 epochs
2023/06/07 13:36:30 - mmengine - INFO - Epoch(val) [33][3/3]    accuracy/top1: 92.4157  data_time: 0.1309  time: 0.2159
2023/06/07 13:36:30 - mmengine - INFO - The previous best checkpoint /home/tonnn/.nas/weijia/work/mmlab-camp/mmpretrain/exp/best_accuracy_top1_epoch_32.pth is removed
2023/06/07 13:36:32 - mmengine - INFO - The best checkpoint with 92.4157 accuracy/top1 at 33 epoch is saved to best_accuracy_top1_epoch_33.pth.
2023/06/07 13:36:39 - mmengine - INFO - Exp name: res50_20230607_132928
2023/06/07 13:36:39 - mmengine - INFO - Epoch(train)  [34][24/24]  lr: 1.0000e-04  eta: 0:07:52  time: 0.2583  data_time: 0.0005  memory: 10951  loss: 0.1897
2023/06/07 13:36:39 - mmengine - INFO - Saving checkpoint at 34 epochs
2023/06/07 13:36:44 - mmengine - INFO - Epoch(val) [34][3/3]    accuracy/top1: 92.4157  data_time: 0.1517  time: 0.2361
2023/06/07 13:36:51 - mmengine - INFO - Exp name: res50_20230607_132928
2023/06/07 13:36:51 - mmengine - INFO - Epoch(train)  [35][24/24]  lr: 1.0000e-04  eta: 0:07:45  time: 0.2599  data_time: 0.0005  memory: 10951  loss: 0.2205
2023/06/07 13:36:51 - mmengine - INFO - Saving checkpoint at 35 epochs
2023/06/07 13:36:56 - mmengine - INFO - Epoch(val) [35][3/3]    accuracy/top1: 93.5393  data_time: 0.1288  time: 0.2138
2023/06/07 13:36:56 - mmengine - INFO - The previous best checkpoint /home/tonnn/.nas/weijia/work/mmlab-camp/mmpretrain/exp/best_accuracy_top1_epoch_33.pth is removed
2023/06/07 13:36:58 - mmengine - INFO - The best checkpoint with 93.5393 accuracy/top1 at 35 epoch is saved to best_accuracy_top1_epoch_35.pth.
2023/06/07 13:37:05 - mmengine - INFO - Exp name: res50_20230607_132928
2023/06/07 13:37:05 - mmengine - INFO - Epoch(train)  [36][24/24]  lr: 1.0000e-04  eta: 0:07:37  time: 0.2593  data_time: 0.0005  memory: 10951  loss: 0.2011
2023/06/07 13:37:05 - mmengine - INFO - Saving checkpoint at 36 epochs
2023/06/07 13:37:10 - mmengine - INFO - Epoch(val) [36][3/3]    accuracy/top1: 93.8202  data_time: 0.1321  time: 0.2172
2023/06/07 13:37:10 - mmengine - INFO - The previous best checkpoint /home/tonnn/.nas/weijia/work/mmlab-camp/mmpretrain/exp/best_accuracy_top1_epoch_35.pth is removed
2023/06/07 13:37:12 - mmengine - INFO - The best checkpoint with 93.8202 accuracy/top1 at 36 epoch is saved to best_accuracy_top1_epoch_36.pth.
2023/06/07 13:37:19 - mmengine - INFO - Exp name: res50_20230607_132928
2023/06/07 13:37:19 - mmengine - INFO - Epoch(train)  [37][24/24]  lr: 1.0000e-04  eta: 0:07:30  time: 0.2587  data_time: 0.0005  memory: 10951  loss: 0.1637
2023/06/07 13:37:19 - mmengine - INFO - Saving checkpoint at 37 epochs
2023/06/07 13:37:24 - mmengine - INFO - Epoch(val) [37][3/3]    accuracy/top1: 93.5393  data_time: 0.1291  time: 0.2138
2023/06/07 13:37:31 - mmengine - INFO - Exp name: res50_20230607_132928
2023/06/07 13:37:31 - mmengine - INFO - Epoch(train)  [38][24/24]  lr: 1.0000e-04  eta: 0:07:23  time: 0.2597  data_time: 0.0005  memory: 10951  loss: 0.1732
2023/06/07 13:37:31 - mmengine - INFO - Saving checkpoint at 38 epochs
2023/06/07 13:37:36 - mmengine - INFO - Epoch(val) [38][3/3]    accuracy/top1: 92.4157  data_time: 0.1338  time: 0.2185
2023/06/07 13:37:43 - mmengine - INFO - Exp name: res50_20230607_132928
2023/06/07 13:37:43 - mmengine - INFO - Epoch(train)  [39][24/24]  lr: 1.0000e-04  eta: 0:07:16  time: 0.2596  data_time: 0.0005  memory: 10951  loss: 0.1497
2023/06/07 13:37:43 - mmengine - INFO - Saving checkpoint at 39 epochs
2023/06/07 13:37:47 - mmengine - INFO - Epoch(val) [39][3/3]    accuracy/top1: 93.5393  data_time: 0.1289  time: 0.2141
2023/06/07 13:37:55 - mmengine - INFO - Exp name: res50_20230607_132928
2023/06/07 13:37:55 - mmengine - INFO - Epoch(train)  [40][24/24]  lr: 1.0000e-04  eta: 0:07:08  time: 0.2596  data_time: 0.0005  memory: 10951  loss: 0.2003
2023/06/07 13:37:55 - mmengine - INFO - Saving checkpoint at 40 epochs
2023/06/07 13:37:59 - mmengine - INFO - Epoch(val) [40][3/3]    accuracy/top1: 93.5393  data_time: 0.1310  time: 0.2153
2023/06/07 13:38:06 - mmengine - INFO - Exp name: res50_20230607_132928
2023/06/07 13:38:06 - mmengine - INFO - Epoch(train)  [41][24/24]  lr: 1.0000e-04  eta: 0:07:01  time: 0.2596  data_time: 0.0005  memory: 10951  loss: 0.1534
2023/06/07 13:38:06 - mmengine - INFO - Saving checkpoint at 41 epochs
2023/06/07 13:38:11 - mmengine - INFO - Epoch(val) [41][3/3]    accuracy/top1: 92.6966  data_time: 0.1305  time: 0.2152
2023/06/07 13:38:16 - mmengine - INFO - Exp name: res50_20230607_132928
2023/06/07 13:38:18 - mmengine - INFO - Exp name: res50_20230607_132928
2023/06/07 13:38:18 - mmengine - INFO - Epoch(train)  [42][24/24]  lr: 1.0000e-04  eta: 0:06:54  time: 0.2601  data_time: 0.0005  memory: 10951  loss: 0.1530
2023/06/07 13:38:18 - mmengine - INFO - Saving checkpoint at 42 epochs
2023/06/07 13:38:23 - mmengine - INFO - Epoch(val) [42][3/3]    accuracy/top1: 93.2584  data_time: 0.1343  time: 0.2193
2023/06/07 13:38:30 - mmengine - INFO - Exp name: res50_20230607_132928
2023/06/07 13:38:30 - mmengine - INFO - Epoch(train)  [43][24/24]  lr: 1.0000e-04  eta: 0:06:47  time: 0.2595  data_time: 0.0005  memory: 10951  loss: 0.1796
2023/06/07 13:38:30 - mmengine - INFO - Saving checkpoint at 43 epochs
2023/06/07 13:38:35 - mmengine - INFO - Epoch(val) [43][3/3]    accuracy/top1: 93.5393  data_time: 0.1299  time: 0.2151
2023/06/07 13:38:42 - mmengine - INFO - Exp name: res50_20230607_132928
2023/06/07 13:38:42 - mmengine - INFO - Epoch(train)  [44][24/24]  lr: 1.0000e-04  eta: 0:06:40  time: 0.2607  data_time: 0.0005  memory: 10951  loss: 0.1548
2023/06/07 13:38:42 - mmengine - INFO - Saving checkpoint at 44 epochs
2023/06/07 13:38:47 - mmengine - INFO - Epoch(val) [44][3/3]    accuracy/top1: 92.9775  data_time: 0.1298  time: 0.2144
2023/06/07 13:38:54 - mmengine - INFO - Exp name: res50_20230607_132928
2023/06/07 13:38:54 - mmengine - INFO - Epoch(train)  [45][24/24]  lr: 1.0000e-04  eta: 0:06:32  time: 0.2596  data_time: 0.0005  memory: 10951  loss: 0.1528
2023/06/07 13:38:54 - mmengine - INFO - Saving checkpoint at 45 epochs
2023/06/07 13:38:59 - mmengine - INFO - Epoch(val) [45][3/3]    accuracy/top1: 92.9775  data_time: 0.1318  time: 0.2167
2023/06/07 13:39:06 - mmengine - INFO - Exp name: res50_20230607_132928
2023/06/07 13:39:06 - mmengine - INFO - Epoch(train)  [46][24/24]  lr: 1.0000e-04  eta: 0:06:25  time: 0.2600  data_time: 0.0005  memory: 10951  loss: 0.1755
2023/06/07 13:39:06 - mmengine - INFO - Saving checkpoint at 46 epochs
2023/06/07 13:39:11 - mmengine - INFO - Epoch(val) [46][3/3]    accuracy/top1: 92.9775  data_time: 0.1375  time: 0.2222
2023/06/07 13:39:18 - mmengine - INFO - Exp name: res50_20230607_132928
2023/06/07 13:39:18 - mmengine - INFO - Epoch(train)  [47][24/24]  lr: 1.0000e-04  eta: 0:06:18  time: 0.2594  data_time: 0.0005  memory: 10951  loss: 0.2423
2023/06/07 13:39:18 - mmengine - INFO - Saving checkpoint at 47 epochs
2023/06/07 13:39:23 - mmengine - INFO - Epoch(val) [47][3/3]    accuracy/top1: 93.2584  data_time: 0.1301  time: 0.2150
2023/06/07 13:39:30 - mmengine - INFO - Exp name: res50_20230607_132928
2023/06/07 13:39:30 - mmengine - INFO - Epoch(train)  [48][24/24]  lr: 1.0000e-04  eta: 0:06:11  time: 0.2601  data_time: 0.0006  memory: 10951  loss: 0.2088
2023/06/07 13:39:30 - mmengine - INFO - Saving checkpoint at 48 epochs
2023/06/07 13:39:35 - mmengine - INFO - Epoch(val) [48][3/3]    accuracy/top1: 92.9775  data_time: 0.1327  time: 0.2173
2023/06/07 13:39:42 - mmengine - INFO - Exp name: res50_20230607_132928
2023/06/07 13:39:42 - mmengine - INFO - Epoch(train)  [49][24/24]  lr: 1.0000e-04  eta: 0:06:04  time: 0.2598  data_time: 0.0005  memory: 10951  loss: 0.1346
2023/06/07 13:39:42 - mmengine - INFO - Saving checkpoint at 49 epochs
2023/06/07 13:39:47 - mmengine - INFO - Epoch(val) [49][3/3]    accuracy/top1: 92.9775  data_time: 0.1299  time: 0.2144
2023/06/07 13:39:54 - mmengine - INFO - Exp name: res50_20230607_132928
2023/06/07 13:39:54 - mmengine - INFO - Epoch(train)  [50][24/24]  lr: 1.0000e-04  eta: 0:05:57  time: 0.2602  data_time: 0.0005  memory: 10951  loss: 0.1461
2023/06/07 13:39:54 - mmengine - INFO - Saving checkpoint at 50 epochs
2023/06/07 13:39:59 - mmengine - INFO - Epoch(val) [50][3/3]    accuracy/top1: 92.9775  data_time: 0.1360  time: 0.2205
2023/06/07 13:40:06 - mmengine - INFO - Exp name: res50_20230607_132928
2023/06/07 13:40:06 - mmengine - INFO - Epoch(train)  [51][24/24]  lr: 1.0000e-04  eta: 0:05:49  time: 0.2604  data_time: 0.0005  memory: 10951  loss: 0.1386
2023/06/07 13:40:06 - mmengine - INFO - Saving checkpoint at 51 epochs
2023/06/07 13:40:10 - mmengine - INFO - Epoch(val) [51][3/3]    accuracy/top1: 92.9775  data_time: 0.1309  time: 0.2163
2023/06/07 13:40:18 - mmengine - INFO - Exp name: res50_20230607_132928
2023/06/07 13:40:18 - mmengine - INFO - Epoch(train)  [52][24/24]  lr: 1.0000e-04  eta: 0:05:42  time: 0.2599  data_time: 0.0005  memory: 10951  loss: 0.1762
2023/06/07 13:40:18 - mmengine - INFO - Saving checkpoint at 52 epochs
2023/06/07 13:40:22 - mmengine - INFO - Epoch(val) [52][3/3]    accuracy/top1: 93.8202  data_time: 0.1315  time: 0.2162
2023/06/07 13:40:29 - mmengine - INFO - Exp name: res50_20230607_132928
2023/06/07 13:40:29 - mmengine - INFO - Epoch(train)  [53][24/24]  lr: 1.0000e-04  eta: 0:05:35  time: 0.2595  data_time: 0.0006  memory: 10951  loss: 0.1510
2023/06/07 13:40:29 - mmengine - INFO - Saving checkpoint at 53 epochs
2023/06/07 13:40:34 - mmengine - INFO - Epoch(val) [53][3/3]    accuracy/top1: 92.4157  data_time: 0.1330  time: 0.2176
2023/06/07 13:40:41 - mmengine - INFO - Exp name: res50_20230607_132928
2023/06/07 13:40:41 - mmengine - INFO - Epoch(train)  [54][24/24]  lr: 1.0000e-04  eta: 0:05:28  time: 0.2602  data_time: 0.0005  memory: 10951  loss: 0.1278
2023/06/07 13:40:41 - mmengine - INFO - Saving checkpoint at 54 epochs
2023/06/07 13:40:46 - mmengine - INFO - Epoch(val) [54][3/3]    accuracy/top1: 93.5393  data_time: 0.1254  time: 0.2101
2023/06/07 13:40:53 - mmengine - INFO - Exp name: res50_20230607_132928
2023/06/07 13:40:53 - mmengine - INFO - Epoch(train)  [55][24/24]  lr: 1.0000e-04  eta: 0:05:21  time: 0.2603  data_time: 0.0005  memory: 10951  loss: 0.1638
2023/06/07 13:40:53 - mmengine - INFO - Saving checkpoint at 55 epochs
2023/06/07 13:40:58 - mmengine - INFO - Epoch(val) [55][3/3]    accuracy/top1: 92.6966  data_time: 0.1329  time: 0.2402
2023/06/07 13:41:05 - mmengine - INFO - Exp name: res50_20230607_132928
2023/06/07 13:41:05 - mmengine - INFO - Epoch(train)  [56][24/24]  lr: 1.0000e-04  eta: 0:05:14  time: 0.2601  data_time: 0.0005  memory: 10951  loss: 0.2071
2023/06/07 13:41:05 - mmengine - INFO - Saving checkpoint at 56 epochs
2023/06/07 13:41:10 - mmengine - INFO - Epoch(val) [56][3/3]    accuracy/top1: 92.6966  data_time: 0.1301  time: 0.2153
2023/06/07 13:41:17 - mmengine - INFO - Exp name: res50_20230607_132928
2023/06/07 13:41:17 - mmengine - INFO - Epoch(train)  [57][24/24]  lr: 1.0000e-04  eta: 0:05:06  time: 0.2600  data_time: 0.0005  memory: 10951  loss: 0.1426
2023/06/07 13:41:17 - mmengine - INFO - Saving checkpoint at 57 epochs
2023/06/07 13:41:22 - mmengine - INFO - Epoch(val) [57][3/3]    accuracy/top1: 92.4157  data_time: 0.1286  time: 0.2144
2023/06/07 13:41:29 - mmengine - INFO - Exp name: res50_20230607_132928
2023/06/07 13:41:29 - mmengine - INFO - Epoch(train)  [58][24/24]  lr: 1.0000e-04  eta: 0:04:59  time: 0.2600  data_time: 0.0005  memory: 10951  loss: 0.1553
2023/06/07 13:41:29 - mmengine - INFO - Saving checkpoint at 58 epochs
2023/06/07 13:41:34 - mmengine - INFO - Epoch(val) [58][3/3]    accuracy/top1: 92.9775  data_time: 0.1314  time: 0.2165
2023/06/07 13:41:41 - mmengine - INFO - Exp name: res50_20230607_132928
2023/06/07 13:41:41 - mmengine - INFO - Epoch(train)  [59][24/24]  lr: 1.0000e-04  eta: 0:04:52  time: 0.2598  data_time: 0.0006  memory: 10951  loss: 0.1384
2023/06/07 13:41:41 - mmengine - INFO - Saving checkpoint at 59 epochs
2023/06/07 13:41:45 - mmengine - INFO - Epoch(val) [59][3/3]    accuracy/top1: 93.5393  data_time: 0.1294  time: 0.2149
2023/06/07 13:41:52 - mmengine - INFO - Exp name: res50_20230607_132928
2023/06/07 13:41:52 - mmengine - INFO - Epoch(train)  [60][24/24]  lr: 1.0000e-04  eta: 0:04:45  time: 0.2604  data_time: 0.0006  memory: 10951  loss: 0.1565
2023/06/07 13:41:52 - mmengine - INFO - Saving checkpoint at 60 epochs
2023/06/07 13:41:57 - mmengine - INFO - Epoch(val) [60][3/3]    accuracy/top1: 92.6966  data_time: 0.1421  time: 0.2270
2023/06/07 13:42:04 - mmengine - INFO - Exp name: res50_20230607_132928
2023/06/07 13:42:04 - mmengine - INFO - Epoch(train)  [61][24/24]  lr: 1.0000e-05  eta: 0:04:38  time: 0.2598  data_time: 0.0005  memory: 10951  loss: 0.1024
2023/06/07 13:42:04 - mmengine - INFO - Saving checkpoint at 61 epochs
2023/06/07 13:42:09 - mmengine - INFO - Epoch(val) [61][3/3]    accuracy/top1: 92.9775  data_time: 0.1389  time: 0.2234
2023/06/07 13:42:16 - mmengine - INFO - Exp name: res50_20230607_132928
2023/06/07 13:42:16 - mmengine - INFO - Epoch(train)  [62][24/24]  lr: 1.0000e-05  eta: 0:04:31  time: 0.2600  data_time: 0.0006  memory: 10951  loss: 0.1304
2023/06/07 13:42:16 - mmengine - INFO - Saving checkpoint at 62 epochs
2023/06/07 13:42:21 - mmengine - INFO - Epoch(val) [62][3/3]    accuracy/top1: 93.2584  data_time: 0.1315  time: 0.2164
2023/06/07 13:42:28 - mmengine - INFO - Exp name: res50_20230607_132928
2023/06/07 13:42:28 - mmengine - INFO - Epoch(train)  [63][24/24]  lr: 1.0000e-05  eta: 0:04:23  time: 0.2592  data_time: 0.0006  memory: 10951  loss: 0.1241
2023/06/07 13:42:28 - mmengine - INFO - Saving checkpoint at 63 epochs
2023/06/07 13:42:33 - mmengine - INFO - Epoch(val) [63][3/3]    accuracy/top1: 93.2584  data_time: 0.1408  time: 0.2256
2023/06/07 13:42:40 - mmengine - INFO - Exp name: res50_20230607_132928
2023/06/07 13:42:40 - mmengine - INFO - Epoch(train)  [64][24/24]  lr: 1.0000e-05  eta: 0:04:16  time: 0.2602  data_time: 0.0006  memory: 10951  loss: 0.1026
2023/06/07 13:42:40 - mmengine - INFO - Saving checkpoint at 64 epochs
2023/06/07 13:42:45 - mmengine - INFO - Epoch(val) [64][3/3]    accuracy/top1: 93.8202  data_time: 0.1247  time: 0.2094
2023/06/07 13:42:52 - mmengine - INFO - Exp name: res50_20230607_132928
2023/06/07 13:42:52 - mmengine - INFO - Epoch(train)  [65][24/24]  lr: 1.0000e-05  eta: 0:04:09  time: 0.2596  data_time: 0.0006  memory: 10951  loss: 0.1256
2023/06/07 13:42:52 - mmengine - INFO - Saving checkpoint at 65 epochs
2023/06/07 13:42:56 - mmengine - INFO - Epoch(val) [65][3/3]    accuracy/top1: 93.2584  data_time: 0.1310  time: 0.2155
2023/06/07 13:43:04 - mmengine - INFO - Exp name: res50_20230607_132928
2023/06/07 13:43:04 - mmengine - INFO - Epoch(train)  [66][24/24]  lr: 1.0000e-05  eta: 0:04:02  time: 0.2600  data_time: 0.0006  memory: 10951  loss: 0.1358
2023/06/07 13:43:04 - mmengine - INFO - Saving checkpoint at 66 epochs
2023/06/07 13:43:08 - mmengine - INFO - Epoch(val) [66][3/3]    accuracy/top1: 93.2584  data_time: 0.1301  time: 0.2145
2023/06/07 13:43:15 - mmengine - INFO - Exp name: res50_20230607_132928
2023/06/07 13:43:15 - mmengine - INFO - Epoch(train)  [67][24/24]  lr: 1.0000e-05  eta: 0:03:55  time: 0.2596  data_time: 0.0006  memory: 10951  loss: 0.1457
2023/06/07 13:43:15 - mmengine - INFO - Saving checkpoint at 67 epochs
2023/06/07 13:43:20 - mmengine - INFO - Epoch(val) [67][3/3]    accuracy/top1: 93.5393  data_time: 0.1291  time: 0.2138
2023/06/07 13:43:27 - mmengine - INFO - Exp name: res50_20230607_132928
2023/06/07 13:43:27 - mmengine - INFO - Epoch(train)  [68][24/24]  lr: 1.0000e-05  eta: 0:03:48  time: 0.2580  data_time: 0.0004  memory: 10951  loss: 0.1446
2023/06/07 13:43:27 - mmengine - INFO - Saving checkpoint at 68 epochs
2023/06/07 13:43:32 - mmengine - INFO - Epoch(val) [68][3/3]    accuracy/top1: 93.8202  data_time: 0.1284  time: 0.2132
2023/06/07 13:43:39 - mmengine - INFO - Exp name: res50_20230607_132928
2023/06/07 13:43:39 - mmengine - INFO - Epoch(train)  [69][24/24]  lr: 1.0000e-05  eta: 0:03:40  time: 0.2600  data_time: 0.0006  memory: 10951  loss: 0.1173
2023/06/07 13:43:39 - mmengine - INFO - Saving checkpoint at 69 epochs
2023/06/07 13:43:44 - mmengine - INFO - Epoch(val) [69][3/3]    accuracy/top1: 93.2584  data_time: 0.1388  time: 0.2234
2023/06/07 13:43:51 - mmengine - INFO - Exp name: res50_20230607_132928
2023/06/07 13:43:51 - mmengine - INFO - Epoch(train)  [70][24/24]  lr: 1.0000e-05  eta: 0:03:33  time: 0.2595  data_time: 0.0006  memory: 10951  loss: 0.0862
2023/06/07 13:43:51 - mmengine - INFO - Saving checkpoint at 70 epochs
2023/06/07 13:43:56 - mmengine - INFO - Epoch(val) [70][3/3]    accuracy/top1: 94.3820  data_time: 0.1294  time: 0.2138
2023/06/07 13:43:56 - mmengine - INFO - The previous best checkpoint /home/tonnn/.nas/weijia/work/mmlab-camp/mmpretrain/exp/best_accuracy_top1_epoch_36.pth is removed
2023/06/07 13:43:58 - mmengine - INFO - The best checkpoint with 94.3820 accuracy/top1 at 70 epoch is saved to best_accuracy_top1_epoch_70.pth.
2023/06/07 13:44:05 - mmengine - INFO - Exp name: res50_20230607_132928
2023/06/07 13:44:05 - mmengine - INFO - Epoch(train)  [71][24/24]  lr: 1.0000e-05  eta: 0:03:26  time: 0.2592  data_time: 0.0006  memory: 10951  loss: 0.1249
2023/06/07 13:44:05 - mmengine - INFO - Saving checkpoint at 71 epochs
2023/06/07 13:44:09 - mmengine - INFO - Epoch(val) [71][3/3]    accuracy/top1: 93.8202  data_time: 0.1256  time: 0.2101
2023/06/07 13:44:16 - mmengine - INFO - Exp name: res50_20230607_132928
2023/06/07 13:44:16 - mmengine - INFO - Epoch(train)  [72][24/24]  lr: 1.0000e-05  eta: 0:03:19  time: 0.2599  data_time: 0.0005  memory: 10951  loss: 0.0983
2023/06/07 13:44:16 - mmengine - INFO - Saving checkpoint at 72 epochs
2023/06/07 13:44:21 - mmengine - INFO - Epoch(val) [72][3/3]    accuracy/top1: 93.5393  data_time: 0.1232  time: 0.2079
2023/06/07 13:44:28 - mmengine - INFO - Exp name: res50_20230607_132928
2023/06/07 13:44:28 - mmengine - INFO - Epoch(train)  [73][24/24]  lr: 1.0000e-05  eta: 0:03:12  time: 0.2598  data_time: 0.0006  memory: 10951  loss: 0.1341
2023/06/07 13:44:28 - mmengine - INFO - Saving checkpoint at 73 epochs
2023/06/07 13:44:33 - mmengine - INFO - Epoch(val) [73][3/3]    accuracy/top1: 93.8202  data_time: 0.1295  time: 0.2143
2023/06/07 13:44:40 - mmengine - INFO - Exp name: res50_20230607_132928
2023/06/07 13:44:40 - mmengine - INFO - Epoch(train)  [74][24/24]  lr: 1.0000e-05  eta: 0:03:05  time: 0.2597  data_time: 0.0006  memory: 10951  loss: 0.1263
2023/06/07 13:44:40 - mmengine - INFO - Saving checkpoint at 74 epochs
2023/06/07 13:44:45 - mmengine - INFO - Epoch(val) [74][3/3]    accuracy/top1: 94.6629  data_time: 0.1258  time: 0.2107
2023/06/07 13:44:45 - mmengine - INFO - The previous best checkpoint /home/tonnn/.nas/weijia/work/mmlab-camp/mmpretrain/exp/best_accuracy_top1_epoch_70.pth is removed
2023/06/07 13:44:47 - mmengine - INFO - The best checkpoint with 94.6629 accuracy/top1 at 74 epoch is saved to best_accuracy_top1_epoch_74.pth.
2023/06/07 13:44:54 - mmengine - INFO - Exp name: res50_20230607_132928
2023/06/07 13:44:54 - mmengine - INFO - Epoch(train)  [75][24/24]  lr: 1.0000e-05  eta: 0:02:58  time: 0.2589  data_time: 0.0005  memory: 10951  loss: 0.1064
2023/06/07 13:44:54 - mmengine - INFO - Saving checkpoint at 75 epochs
2023/06/07 13:44:58 - mmengine - INFO - Epoch(val) [75][3/3]    accuracy/top1: 94.3820  data_time: 0.1240  time: 0.2089
2023/06/07 13:45:05 - mmengine - INFO - Exp name: res50_20230607_132928
2023/06/07 13:45:05 - mmengine - INFO - Epoch(train)  [76][24/24]  lr: 1.0000e-05  eta: 0:02:50  time: 0.2585  data_time: 0.0005  memory: 10951  loss: 0.1235
2023/06/07 13:45:05 - mmengine - INFO - Saving checkpoint at 76 epochs
2023/06/07 13:45:10 - mmengine - INFO - Epoch(val) [76][3/3]    accuracy/top1: 94.1011  data_time: 0.1289  time: 0.2136
2023/06/07 13:45:17 - mmengine - INFO - Exp name: res50_20230607_132928
2023/06/07 13:45:17 - mmengine - INFO - Epoch(train)  [77][24/24]  lr: 1.0000e-05  eta: 0:02:43  time: 0.2585  data_time: 0.0005  memory: 10951  loss: 0.1033
2023/06/07 13:45:17 - mmengine - INFO - Saving checkpoint at 77 epochs
2023/06/07 13:45:22 - mmengine - INFO - Epoch(val) [77][3/3]    accuracy/top1: 94.1011  data_time: 0.1268  time: 0.2115
2023/06/07 13:45:29 - mmengine - INFO - Exp name: res50_20230607_132928
2023/06/07 13:45:29 - mmengine - INFO - Epoch(train)  [78][24/24]  lr: 1.0000e-05  eta: 0:02:36  time: 0.2590  data_time: 0.0004  memory: 10951  loss: 0.0877
2023/06/07 13:45:29 - mmengine - INFO - Saving checkpoint at 78 epochs
2023/06/07 13:45:34 - mmengine - INFO - Epoch(val) [78][3/3]    accuracy/top1: 94.1011  data_time: 0.1334  time: 0.2179
2023/06/07 13:45:41 - mmengine - INFO - Exp name: res50_20230607_132928
2023/06/07 13:45:41 - mmengine - INFO - Epoch(train)  [79][24/24]  lr: 1.0000e-05  eta: 0:02:29  time: 0.2591  data_time: 0.0005  memory: 10951  loss: 0.0760
2023/06/07 13:45:41 - mmengine - INFO - Saving checkpoint at 79 epochs
2023/06/07 13:45:46 - mmengine - INFO - Epoch(val) [79][3/3]    accuracy/top1: 93.8202  data_time: 0.1276  time: 0.2137
2023/06/07 13:45:53 - mmengine - INFO - Exp name: res50_20230607_132928
2023/06/07 13:45:53 - mmengine - INFO - Epoch(train)  [80][24/24]  lr: 1.0000e-05  eta: 0:02:22  time: 0.2590  data_time: 0.0005  memory: 10951  loss: 0.1296
2023/06/07 13:45:53 - mmengine - INFO - Saving checkpoint at 80 epochs
2023/06/07 13:45:58 - mmengine - INFO - Epoch(val) [80][3/3]    accuracy/top1: 93.8202  data_time: 0.1258  time: 0.2127
2023/06/07 13:46:05 - mmengine - INFO - Exp name: res50_20230607_132928
2023/06/07 13:46:05 - mmengine - INFO - Epoch(train)  [81][24/24]  lr: 1.0000e-05  eta: 0:02:15  time: 0.2586  data_time: 0.0005  memory: 10951  loss: 0.1151
2023/06/07 13:46:05 - mmengine - INFO - Saving checkpoint at 81 epochs
2023/06/07 13:46:09 - mmengine - INFO - Epoch(val) [81][3/3]    accuracy/top1: 94.3820  data_time: 0.1344  time: 0.2192
2023/06/07 13:46:17 - mmengine - INFO - Exp name: res50_20230607_132928
2023/06/07 13:46:17 - mmengine - INFO - Epoch(train)  [82][24/24]  lr: 1.0000e-05  eta: 0:02:08  time: 0.2587  data_time: 0.0004  memory: 10951  loss: 0.1592
2023/06/07 13:46:17 - mmengine - INFO - Saving checkpoint at 82 epochs
2023/06/07 13:46:21 - mmengine - INFO - Epoch(val) [82][3/3]    accuracy/top1: 94.1011  data_time: 0.1302  time: 0.2168
2023/06/07 13:46:28 - mmengine - INFO - Exp name: res50_20230607_132928
2023/06/07 13:46:28 - mmengine - INFO - Epoch(train)  [83][24/24]  lr: 1.0000e-05  eta: 0:02:01  time: 0.2583  data_time: 0.0004  memory: 10951  loss: 0.0870
2023/06/07 13:46:28 - mmengine - INFO - Saving checkpoint at 83 epochs
2023/06/07 13:46:33 - mmengine - INFO - Epoch(val) [83][3/3]    accuracy/top1: 93.5393  data_time: 0.1270  time: 0.2117
2023/06/07 13:46:36 - mmengine - INFO - Exp name: res50_20230607_132928
2023/06/07 13:46:40 - mmengine - INFO - Exp name: res50_20230607_132928
2023/06/07 13:46:40 - mmengine - INFO - Epoch(train)  [84][24/24]  lr: 1.0000e-05  eta: 0:01:53  time: 0.2578  data_time: 0.0004  memory: 10951  loss: 0.1056
2023/06/07 13:46:40 - mmengine - INFO - Saving checkpoint at 84 epochs
2023/06/07 13:46:45 - mmengine - INFO - Epoch(val) [84][3/3]    accuracy/top1: 93.8202  data_time: 0.1314  time: 0.2158
2023/06/07 13:46:52 - mmengine - INFO - Exp name: res50_20230607_132928
2023/06/07 13:46:52 - mmengine - INFO - Epoch(train)  [85][24/24]  lr: 1.0000e-05  eta: 0:01:46  time: 0.2590  data_time: 0.0004  memory: 10951  loss: 0.0934
2023/06/07 13:46:52 - mmengine - INFO - Saving checkpoint at 85 epochs
2023/06/07 13:46:57 - mmengine - INFO - Epoch(val) [85][3/3]    accuracy/top1: 93.5393  data_time: 0.1305  time: 0.2150
2023/06/07 13:47:04 - mmengine - INFO - Exp name: res50_20230607_132928
2023/06/07 13:47:04 - mmengine - INFO - Epoch(train)  [86][24/24]  lr: 1.0000e-05  eta: 0:01:39  time: 0.2583  data_time: 0.0004  memory: 10951  loss: 0.0915
2023/06/07 13:47:04 - mmengine - INFO - Saving checkpoint at 86 epochs
2023/06/07 13:47:09 - mmengine - INFO - Epoch(val) [86][3/3]    accuracy/top1: 93.5393  data_time: 0.1269  time: 0.2130
2023/06/07 13:47:16 - mmengine - INFO - Exp name: res50_20230607_132928
2023/06/07 13:47:16 - mmengine - INFO - Epoch(train)  [87][24/24]  lr: 1.0000e-05  eta: 0:01:32  time: 0.2584  data_time: 0.0004  memory: 10951  loss: 0.1001
2023/06/07 13:47:16 - mmengine - INFO - Saving checkpoint at 87 epochs
2023/06/07 13:47:21 - mmengine - INFO - Epoch(val) [87][3/3]    accuracy/top1: 94.3820  data_time: 0.1268  time: 0.2116
2023/06/07 13:47:28 - mmengine - INFO - Exp name: res50_20230607_132928
2023/06/07 13:47:28 - mmengine - INFO - Epoch(train)  [88][24/24]  lr: 1.0000e-05  eta: 0:01:25  time: 0.2587  data_time: 0.0004  memory: 10951  loss: 0.0816
2023/06/07 13:47:28 - mmengine - INFO - Saving checkpoint at 88 epochs
2023/06/07 13:47:32 - mmengine - INFO - Epoch(val) [88][3/3]    accuracy/top1: 93.8202  data_time: 0.1333  time: 0.2185
2023/06/07 13:47:39 - mmengine - INFO - Exp name: res50_20230607_132928
2023/06/07 13:47:39 - mmengine - INFO - Epoch(train)  [89][24/24]  lr: 1.0000e-05  eta: 0:01:18  time: 0.2576  data_time: 0.0004  memory: 10951  loss: 0.1011
2023/06/07 13:47:39 - mmengine - INFO - Saving checkpoint at 89 epochs
2023/06/07 13:47:44 - mmengine - INFO - Epoch(val) [89][3/3]    accuracy/top1: 94.3820  data_time: 0.1246  time: 0.2108
2023/06/07 13:47:51 - mmengine - INFO - Exp name: res50_20230607_132928
2023/06/07 13:47:51 - mmengine - INFO - Epoch(train)  [90][24/24]  lr: 1.0000e-05  eta: 0:01:11  time: 0.2577  data_time: 0.0004  memory: 10951  loss: 0.0791
2023/06/07 13:47:51 - mmengine - INFO - Saving checkpoint at 90 epochs
2023/06/07 13:47:56 - mmengine - INFO - Epoch(val) [90][3/3]    accuracy/top1: 93.8202  data_time: 0.1299  time: 0.2142
2023/06/07 13:48:03 - mmengine - INFO - Exp name: res50_20230607_132928
2023/06/07 13:48:03 - mmengine - INFO - Epoch(train)  [91][24/24]  lr: 1.0000e-06  eta: 0:01:04  time: 0.2590  data_time: 0.0004  memory: 10951  loss: 0.0847
2023/06/07 13:48:03 - mmengine - INFO - Saving checkpoint at 91 epochs
2023/06/07 13:48:08 - mmengine - INFO - Epoch(val) [91][3/3]    accuracy/top1: 94.1011  data_time: 0.1263  time: 0.2109
2023/06/07 13:48:15 - mmengine - INFO - Exp name: res50_20230607_132928
2023/06/07 13:48:15 - mmengine - INFO - Epoch(train)  [92][24/24]  lr: 1.0000e-06  eta: 0:00:56  time: 0.2581  data_time: 0.0004  memory: 10951  loss: 0.0938
2023/06/07 13:48:15 - mmengine - INFO - Saving checkpoint at 92 epochs
2023/06/07 13:48:20 - mmengine - INFO - Epoch(val) [92][3/3]    accuracy/top1: 93.8202  data_time: 0.1327  time: 0.2174
2023/06/07 13:48:27 - mmengine - INFO - Exp name: res50_20230607_132928
2023/06/07 13:48:27 - mmengine - INFO - Epoch(train)  [93][24/24]  lr: 1.0000e-06  eta: 0:00:49  time: 0.2565  data_time: 0.0005  memory: 10951  loss: 0.1331
2023/06/07 13:48:27 - mmengine - INFO - Saving checkpoint at 93 epochs
2023/06/07 13:48:32 - mmengine - INFO - Epoch(val) [93][3/3]    accuracy/top1: 93.5393  data_time: 0.1261  time: 0.2106
2023/06/07 13:48:39 - mmengine - INFO - Exp name: res50_20230607_132928
2023/06/07 13:48:39 - mmengine - INFO - Epoch(train)  [94][24/24]  lr: 1.0000e-06  eta: 0:00:42  time: 0.2569  data_time: 0.0004  memory: 10951  loss: 0.1173
2023/06/07 13:48:39 - mmengine - INFO - Saving checkpoint at 94 epochs
2023/06/07 13:48:43 - mmengine - INFO - Epoch(val) [94][3/3]    accuracy/top1: 94.1011  data_time: 0.1373  time: 0.2225
2023/06/07 13:48:51 - mmengine - INFO - Exp name: res50_20230607_132928
2023/06/07 13:48:51 - mmengine - INFO - Epoch(train)  [95][24/24]  lr: 1.0000e-06  eta: 0:00:35  time: 0.2564  data_time: 0.0004  memory: 10951  loss: 0.0997
2023/06/07 13:48:51 - mmengine - INFO - Saving checkpoint at 95 epochs
2023/06/07 13:48:55 - mmengine - INFO - Epoch(val) [95][3/3]    accuracy/top1: 94.3820  data_time: 0.1259  time: 0.2122
2023/06/07 13:49:02 - mmengine - INFO - Exp name: res50_20230607_132928
2023/06/07 13:49:02 - mmengine - INFO - Epoch(train)  [96][24/24]  lr: 1.0000e-06  eta: 0:00:28  time: 0.2564  data_time: 0.0004  memory: 10951  loss: 0.1029
2023/06/07 13:49:02 - mmengine - INFO - Saving checkpoint at 96 epochs
2023/06/07 13:49:07 - mmengine - INFO - Epoch(val) [96][3/3]    accuracy/top1: 94.1011  data_time: 0.1301  time: 0.2160
2023/06/07 13:49:14 - mmengine - INFO - Exp name: res50_20230607_132928
2023/06/07 13:49:14 - mmengine - INFO - Epoch(train)  [97][24/24]  lr: 1.0000e-06  eta: 0:00:21  time: 0.2586  data_time: 0.0004  memory: 10951  loss: 0.0729
2023/06/07 13:49:14 - mmengine - INFO - Saving checkpoint at 97 epochs
2023/06/07 13:49:19 - mmengine - INFO - Epoch(val) [97][3/3]    accuracy/top1: 94.3820  data_time: 0.1273  time: 0.2120
2023/06/07 13:49:26 - mmengine - INFO - Exp name: res50_20230607_132928
2023/06/07 13:49:26 - mmengine - INFO - Epoch(train)  [98][24/24]  lr: 1.0000e-06  eta: 0:00:14  time: 0.2575  data_time: 0.0004  memory: 10951  loss: 0.1193
2023/06/07 13:49:26 - mmengine - INFO - Saving checkpoint at 98 epochs
2023/06/07 13:49:30 - mmengine - INFO - Epoch(val) [98][3/3]    accuracy/top1: 93.8202  data_time: 0.1302  time: 0.2154
2023/06/07 13:49:37 - mmengine - INFO - Exp name: res50_20230607_132928
2023/06/07 13:49:37 - mmengine - INFO - Epoch(train)  [99][24/24]  lr: 1.0000e-06  eta: 0:00:07  time: 0.2572  data_time: 0.0004  memory: 10951  loss: 0.1125
2023/06/07 13:49:37 - mmengine - INFO - Saving checkpoint at 99 epochs
2023/06/07 13:49:42 - mmengine - INFO - Epoch(val) [99][3/3]    accuracy/top1: 94.6629  data_time: 0.1239  time: 0.2084
2023/06/07 13:49:49 - mmengine - INFO - Exp name: res50_20230607_132928
2023/06/07 13:49:49 - mmengine - INFO - Epoch(train) [100][24/24]  lr: 1.0000e-06  eta: 0:00:00  time: 0.2561  data_time: 0.0004  memory: 10951  loss: 0.1179
2023/06/07 13:49:49 - mmengine - INFO - Saving checkpoint at 100 epochs
2023/06/07 13:49:54 - mmengine - INFO - Epoch(val) [100][3/3]    accuracy/top1: 94.1011  data_time: 0.1340  time: 0.2192
